INFO main com.xiben.sso.client.delegate.UaasRestServiceDelegatorImpl - {"access_token":"818d526b-b948-4a9c-9008-578b2a75fc20","existsAccessToken":true,"expires_in":0,"refresh_token":"c9429101-3ac2-4f57-a129-ba6abd886237"}
INFO main com.xiben.sso.client.delegate.UaasRestServiceDelegatorImpl - {"access_token":"818d526b-b948-4a9c-9008-578b2a75fc20","existsAccessToken":true,"expires_in":0,"refresh_token":"c9429101-3ac2-4f57-a129-ba6abd886237"}
INFO main com.xiben.sso.client.delegate.UaasRestServiceDelegatorImpl - {"access_token":"818d526b-b948-4a9c-9008-578b2a75fc20","existsAccessToken":true,"refresh_token":"c9429101-3ac2-4f57-a129-ba6abd886237"}
INFO main com.xiben.sso.client.delegate.UaasRestServiceDelegatorImpl - {"access_token":"818d526b-b948-4a9c-9008-578b2a75fc20","refresh_token":"c9429101-3ac2-4f57-a129-ba6abd886237"}
INFO main com.xiben.sso.client.delegate.UaasRestServiceDelegatorImpl - {"access_token":"818d526b-b948-4a9c-9008-578b2a75fc20","refresh_token":"c9429101-3ac2-4f57-a129-ba6abd886237"}
INFO main com.xiben.sso.client.delegate.UaasRestServiceDelegatorImpl - {"access_token":"818d526b-b948-4a9c-9008-578b2a75fc20","refresh_token":"c9429101-3ac2-4f57-a129-ba6abd886237"}
INFO main com.xiben.sso.client.delegate.UaasRestServiceDelegatorImpl - {"access_token":"818d526b-b948-4a9c-9008-578b2a75fc20","refresh_token":"c9429101-3ac2-4f57-a129-ba6abd886237"}
INFO main com.xiben.sso.client.delegate.UaasRestServiceDelegatorImpl - {"access_token":"818d526b-b948-4a9c-9008-578b2a75fc20","refresh_token":"c9429101-3ac2-4f57-a129-ba6abd886237"}
INFO main com.xiben.sso.client.delegate.UaasRestServiceDelegatorImpl - {"access_token":"818d526b-b948-4a9c-9008-578b2a75fc20","refresh_token":"c9429101-3ac2-4f57-a129-ba6abd886237"}
INFO main com.xiben.sso.client.delegate.UaasRestServiceDelegatorImpl - {"access_token":"818d526b-b948-4a9c-9008-578b2a75fc20","refresh_token":"c9429101-3ac2-4f57-a129-ba6abd886237"}
INFO main com.xiben.sso.client.delegate.UaasRestServiceDelegatorImpl - {"access_token":"818d526b-b948-4a9c-9008-578b2a75fc20","refresh_token":"c9429101-3ac2-4f57-a129-ba6abd886237"}
INFO main com.xiben.sso.client.delegate.UaasRestServiceDelegatorImpl - {"access_token":"818d526b-b948-4a9c-9008-578b2a75fc20","refresh_token":"c9429101-3ac2-4f57-a129-ba6abd886237"}
INFO main com.xiben.sso.client.delegate.UaasRestServiceDelegatorImpl - {"access_token":"818d526b-b948-4a9c-9008-578b2a75fc20","refresh_token":"c9429101-3ac2-4f57-a129-ba6abd886237"}
INFO main com.xiben.sso.client.delegate.UaasRestServiceDelegatorImpl - {"access_token":"818d526b-b948-4a9c-9008-578b2a75fc20","refresh_token":"c9429101-3ac2-4f57-a129-ba6abd886237"}
INFO main com.xiben.sso.client.delegate.UaasRestServiceDelegatorImpl - {"access_token":"818d526b-b948-4a9c-9008-578b2a75fc20","refresh_token":"c9429101-3ac2-4f57-a129-ba6abd886237"}
INFO main com.xiben.sso.client.delegate.UaasRestServiceDelegatorImpl - {"access_token":"818d526b-b948-4a9c-9008-578b2a75fc20","refresh_token":"c9429101-3ac2-4f57-a129-ba6abd886237"}
INFO main com.xiben.sso.client.delegate.UaasRestServiceDelegatorImpl - {"access_token":"818d526b-b948-4a9c-9008-578b2a75fc20","refresh_token":"c9429101-3ac2-4f57-a129-ba6abd886237"}
INFO main com.xiben.sso.client.delegate.UaasRestServiceDelegatorImpl - {"access_token":"818d526b-b948-4a9c-9008-578b2a75fc20","refresh_token":"c9429101-3ac2-4f57-a129-ba6abd886237"}
INFO main com.xiben.sso.client.delegate.UaasRestServiceDelegatorImpl - {"access_token":"818d526b-b948-4a9c-9008-578b2a75fc20","refresh_token":"c9429101-3ac2-4f57-a129-ba6abd886237"}
INFO main com.xiben.sso.client.delegate.UaasRestServiceDelegatorImpl - {"access_token":"818d526b-b948-4a9c-9008-578b2a75fc20","refresh_token":"c9429101-3ac2-4f57-a129-ba6abd886237"}
INFO main com.xiben.sso.client.delegate.UaasRestServiceDelegatorImpl - {"access_token":"818d526b-b948-4a9c-9008-578b2a75fc20","refresh_token":"c9429101-3ac2-4f57-a129-ba6abd886237"}
INFO main com.xiben.sso.client.delegate.UaasRestServiceDelegatorImpl - {"access_token":"818d526b-b948-4a9c-9008-578b2a75fc20","refresh_token":"c9429101-3ac2-4f57-a129-ba6abd886237"}
INFO main com.xiben.sso.client.delegate.UaasRestServiceDelegatorImpl - {"accountNonExpired":false,"accountNonLocked":false,"authenticated":false,"credentialsNonExpired":false,"email":"admin@wdcy.cc","enabled":false,"logon_clientid":"mobile_client","phone":"028-1234567","userid":21,"username":"admin"}
INFO main com.xiben.sso.client.delegate.UaasRestServiceDelegatorImpl - {"access_token":"818d526b-b948-4a9c-9008-578b2a75fc20","refresh_token":"c9429101-3ac2-4f57-a129-ba6abd886237"}
INFO main com.xiben.sso.client.delegate.UaasRestServiceDelegatorImpl - {"access_token":"818d526b-b948-4a9c-9008-578b2a75fc20","refresh_token":"c9429101-3ac2-4f57-a129-ba6abd886237"}
INFO main com.xiben.sso.client.delegate.UaasRestServiceDelegatorImpl - {"accountNonExpired":false,"accountNonLocked":false,"authenticated":false,"credentialsNonExpired":false,"email":"admin@wdcy.cc","enabled":false,"logon_clientid":"mobile_client","phone":"028-1234567","userid":21,"username":"admin"}
INFO main com.xiben.sso.client.delegate.UaasRestServiceDelegatorImpl - {"access_token":"818d526b-b948-4a9c-9008-578b2a75fc20","refresh_token":"c9429101-3ac2-4f57-a129-ba6abd886237"}
INFO main com.xiben.sso.client.delegate.UaasRestServiceDelegatorImpl - {"access_token":"818d526b-b948-4a9c-9008-578b2a75fc20","refresh_token":"c9429101-3ac2-4f57-a129-ba6abd886237"}
INFO main com.xiben.sso.client.delegate.UaasRestServiceDelegatorImpl - {"accountNonExpired":false,"accountNonLocked":false,"authenticated":false,"credentialsNonExpired":false,"email":"admin@wdcy.cc","enabled":false,"logon_clientid":"mobile_client","phone":"028-1234567","userid":21,"username":"admin"}
INFO main com.xiben.sso.client.delegate.UaasRestServiceDelegatorImpl - {"access_token":"818d526b-b948-4a9c-9008-578b2a75fc20","refresh_token":"c9429101-3ac2-4f57-a129-ba6abd886237"}
INFO main com.xiben.sso.client.delegate.UaasRestServiceDelegatorImpl - {"access_token":"818d526b-b948-4a9c-9008-578b2a75fc20","refresh_token":"c9429101-3ac2-4f57-a129-ba6abd886237"}
INFO main com.xiben.sso.client.delegate.UaasRestServiceDelegatorImpl - {"accountNonExpired":false,"accountNonLocked":false,"authenticated":false,"credentialsNonExpired":false,"email":"admin@wdcy.cc","enabled":false,"logon_clientid":"mobile_client","phone":"028-1234567","userid":21,"username":"admin"}
INFO main com.xiben.sso.client.delegate.UaasRestServiceDelegatorImpl - {"accountNonExpired":false,"accountNonLocked":false,"authenticated":false,"credentialsNonExpired":false,"email":"admin@wdcy.cc","enabled":false,"logon_clientid":"mobile_client","phone":"028-1234567","userid":21,"username":"admin"}
INFO main com.xiben.sso.client.delegate.UaasRestServiceDelegatorImpl - {"access_token":"818d526b-b948-4a9c-9008-578b2a75fc20","refresh_token":"c9429101-3ac2-4f57-a129-ba6abd886237"}
INFO main com.xiben.sso.client.delegate.UaasRestServiceDelegatorImpl - {"access_token":"818d526b-b948-4a9c-9008-578b2a75fc20","refresh_token":"c9429101-3ac2-4f57-a129-ba6abd886237"}
INFO main com.xiben.sso.client.delegate.UaasRestServiceDelegatorImpl - {"accountNonExpired":false,"accountNonLocked":false,"authenticated":false,"credentialsNonExpired":false,"email":"admin@wdcy.cc","enabled":false,"logon_clientid":"mobile_client","phone":"028-1234567","userid":21,"username":"admin"}
INFO main com.xiben.sso.client.delegate.UaasRestServiceDelegatorImpl - {"accountNonExpired":false,"accountNonLocked":false,"authenticated":false,"credentialsNonExpired":false,"email":"admin@wdcy.cc","enabled":false,"logon_clientid":"mobile_client","phone":"028-1234567","userid":21,"username":"admin"}
INFO main com.xiben.sso.client.delegate.UaasRestServiceDelegatorImpl - {"access_token":"818d526b-b948-4a9c-9008-578b2a75fc20","refresh_token":"c9429101-3ac2-4f57-a129-ba6abd886237"}
INFO main com.xiben.sso.client.delegate.UaasRestServiceDelegatorImpl - {"access_token":"818d526b-b948-4a9c-9008-578b2a75fc20","refresh_token":"c9429101-3ac2-4f57-a129-ba6abd886237"}
INFO main com.xiben.sso.client.delegate.UaasRestServiceDelegatorImpl - {"accountNonExpired":false,"accountNonLocked":false,"authenticated":false,"credentialsNonExpired":false,"email":"admin@wdcy.cc","enabled":false,"logon_clientid":"mobile_client","phone":"028-1234567","userid":21,"username":"admin"}
INFO main com.xiben.sso.client.delegate.UaasRestServiceDelegatorImpl - {"accountNonExpired":false,"accountNonLocked":false,"authenticated":false,"credentialsNonExpired":false,"email":"admin@wdcy.cc","enabled":false,"logon_clientid":"mobile_client","phone":"028-1234567","userid":21,"username":"admin"}
INFO main com.xiben.sso.client.delegate.UaasRestServiceDelegatorImpl - {"access_token":"818d526b-b948-4a9c-9008-578b2a75fc20","refresh_token":"c9429101-3ac2-4f57-a129-ba6abd886237"}
INFO main com.xiben.sso.client.delegate.UaasRestServiceDelegatorImpl - {"access_token":"818d526b-b948-4a9c-9008-578b2a75fc20","refresh_token":"c9429101-3ac2-4f57-a129-ba6abd886237"}
INFO main com.xiben.sso.client.delegate.UaasRestServiceDelegatorImpl - {"accountNonExpired":false,"accountNonLocked":false,"authenticated":false,"credentialsNonExpired":false,"email":"admin@wdcy.cc","enabled":false,"logon_clientid":"mobile_client","phone":"028-1234567","userid":21,"username":"admin"}
INFO main com.xiben.sso.client.delegate.UaasRestServiceDelegatorImpl - {"accountNonExpired":false,"accountNonLocked":false,"authenticated":false,"credentialsNonExpired":false,"email":"admin@wdcy.cc","enabled":false,"logon_clientid":"mobile_client","phone":"028-1234567","userid":21,"username":"admin"}
INFO main com.xiben.sso.client.delegate.UaasRestServiceDelegatorImpl - {"access_token":"818d526b-b948-4a9c-9008-578b2a75fc20","refresh_token":"c9429101-3ac2-4f57-a129-ba6abd886237"}
INFO main com.xiben.sso.client.delegate.UaasRestServiceDelegatorImpl - {"access_token":"818d526b-b948-4a9c-9008-578b2a75fc20","refresh_token":"c9429101-3ac2-4f57-a129-ba6abd886237"}
INFO main com.xiben.sso.client.delegate.UaasRestServiceDelegatorImpl - {"accountNonExpired":false,"accountNonLocked":false,"authenticated":false,"credentialsNonExpired":false,"email":"admin@wdcy.cc","enabled":false,"logon_clientid":"mobile_client","phone":"028-1234567","userid":21,"username":"admin"}
INFO main com.xiben.sso.client.delegate.UaasRestServiceDelegatorImpl - {"accountNonExpired":false,"accountNonLocked":false,"authenticated":false,"credentialsNonExpired":false,"email":"admin@wdcy.cc","enabled":false,"logon_clientid":"mobile_client","phone":"028-1234567","userid":21,"username":"admin"}
INFO main com.xiben.sso.client.delegate.UaasRestServiceDelegatorImpl - {"access_token":"818d526b-b948-4a9c-9008-578b2a75fc20","refresh_token":"c9429101-3ac2-4f57-a129-ba6abd886237"}
INFO main com.xiben.sso.client.delegate.UaasRestServiceDelegatorImpl - {"access_token":"818d526b-b948-4a9c-9008-578b2a75fc20","refresh_token":"c9429101-3ac2-4f57-a129-ba6abd886237"}
INFO main com.xiben.sso.client.delegate.UaasRestServiceDelegatorImpl - {"accountNonExpired":false,"accountNonLocked":false,"authenticated":false,"credentialsNonExpired":false,"email":"admin@wdcy.cc","enabled":false,"logon_clientid":"mobile_client","phone":"028-1234567","userid":21,"username":"admin"}
INFO main com.xiben.sso.client.delegate.UaasRestServiceDelegatorImpl - {"accountNonExpired":false,"accountNonLocked":false,"authenticated":false,"credentialsNonExpired":false,"email":"admin@wdcy.cc","enabled":false,"logon_clientid":"mobile_client","phone":"028-1234567","userid":21,"username":"admin"}
INFO main com.xiben.sso.client.delegate.UaasRestServiceDelegatorImpl - {"access_token":"818d526b-b948-4a9c-9008-578b2a75fc20","refresh_token":"c9429101-3ac2-4f57-a129-ba6abd886237"}
INFO main com.xiben.sso.client.delegate.UaasRestServiceDelegatorImpl - {"access_token":"818d526b-b948-4a9c-9008-578b2a75fc20","refresh_token":"c9429101-3ac2-4f57-a129-ba6abd886237"}
INFO main com.xiben.sso.client.delegate.UaasRestServiceDelegatorImpl - {"accountNonExpired":false,"accountNonLocked":false,"authenticated":false,"credentialsNonExpired":false,"email":"admin@wdcy.cc","enabled":false,"logon_clientid":"mobile_client","phone":"028-1234567","userid":21,"username":"admin"}
INFO main com.xiben.sso.client.delegate.UaasRestServiceDelegatorImpl - {"accountNonExpired":false,"accountNonLocked":false,"authenticated":false,"credentialsNonExpired":false,"email":"admin@wdcy.cc","enabled":false,"logon_clientid":"mobile_client","phone":"028-1234567","userid":21,"username":"admin"}
INFO main com.xiben.sso.client.delegate.UaasRestServiceDelegatorImpl - {"access_token":"818d526b-b948-4a9c-9008-578b2a75fc20","refresh_token":"c9429101-3ac2-4f57-a129-ba6abd886237"}
INFO main com.xiben.sso.client.delegate.UaasRestServiceDelegatorImpl - {"access_token":"818d526b-b948-4a9c-9008-578b2a75fc20","refresh_token":"c9429101-3ac2-4f57-a129-ba6abd886237"}
INFO main com.xiben.sso.client.delegate.UaasRestServiceDelegatorImpl - {"accountNonExpired":false,"accountNonLocked":false,"authenticated":false,"credentialsNonExpired":false,"email":"admin@wdcy.cc","enabled":false,"logon_clientid":"mobile_client","phone":"028-1234567","userid":21,"username":"admin"}
INFO main com.xiben.sso.client.delegate.UaasRestServiceDelegatorImpl - {"accountNonExpired":false,"accountNonLocked":false,"authenticated":false,"credentialsNonExpired":false,"email":"admin@wdcy.cc","enabled":false,"logon_clientid":"mobile_client","phone":"028-1234567","userid":21,"username":"admin"}
INFO main com.xiben.sso.client.delegate.UaasRestServiceDelegatorImpl - {"access_token":"818d526b-b948-4a9c-9008-578b2a75fc20","refresh_token":"c9429101-3ac2-4f57-a129-ba6abd886237"}
INFO main com.xiben.sso.client.delegate.UaasRestServiceDelegatorImpl - {"access_token":"818d526b-b948-4a9c-9008-578b2a75fc20","refresh_token":"c9429101-3ac2-4f57-a129-ba6abd886237"}
INFO main com.xiben.sso.client.delegate.UaasRestServiceDelegatorImpl - {"accountNonExpired":false,"accountNonLocked":false,"authenticated":false,"credentialsNonExpired":false,"email":"admin@wdcy.cc","enabled":false,"logon_clientid":"mobile_client","phone":"028-1234567","userid":21,"username":"admin"}
INFO main com.xiben.sso.client.delegate.UaasRestServiceDelegatorImpl - {"accountNonExpired":false,"accountNonLocked":false,"authenticated":false,"credentialsNonExpired":false,"email":"admin@wdcy.cc","enabled":false,"logon_clientid":"mobile_client","phone":"028-1234567","userid":21,"username":"admin"}
INFO main com.xiben.sso.client.delegate.UaasRestServiceDelegatorImpl - {"access_token":"818d526b-b948-4a9c-9008-578b2a75fc20","refresh_token":"c9429101-3ac2-4f57-a129-ba6abd886237"}
INFO main com.xiben.sso.client.delegate.UaasRestServiceDelegatorImpl - {"access_token":"818d526b-b948-4a9c-9008-578b2a75fc20","refresh_token":"c9429101-3ac2-4f57-a129-ba6abd886237"}
INFO main com.xiben.sso.client.delegate.UaasRestServiceDelegatorImpl - {"accountNonExpired":false,"accountNonLocked":false,"authenticated":false,"credentialsNonExpired":false,"email":"admin@wdcy.cc","enabled":false,"logon_clientid":"mobile_client","phone":"028-1234567","userid":21,"username":"admin"}
INFO main com.xiben.sso.client.delegate.UaasRestServiceDelegatorImpl - {"accountNonExpired":false,"accountNonLocked":false,"authenticated":false,"credentialsNonExpired":false,"email":"admin@wdcy.cc","enabled":false,"logon_clientid":"mobile_client","phone":"028-1234567","userid":21,"username":"admin"}
INFO main com.xiben.sso.client.delegate.UaasRestServiceDelegatorImpl - {"access_token":"818d526b-b948-4a9c-9008-578b2a75fc20","refresh_token":"c9429101-3ac2-4f57-a129-ba6abd886237"}
INFO main com.xiben.sso.client.delegate.UaasRestServiceDelegatorImpl - {"access_token":"818d526b-b948-4a9c-9008-578b2a75fc20","refresh_token":"c9429101-3ac2-4f57-a129-ba6abd886237"}
INFO main com.xiben.sso.client.delegate.UaasRestServiceDelegatorImpl - {"accountNonExpired":false,"accountNonLocked":false,"authenticated":false,"credentialsNonExpired":false,"email":"admin@wdcy.cc","enabled":false,"logon_clientid":"mobile_client","phone":"028-1234567","userid":21,"username":"admin"}
INFO main com.xiben.sso.client.delegate.UaasRestServiceDelegatorImpl - {"accountNonExpired":false,"accountNonLocked":false,"authenticated":false,"credentialsNonExpired":false,"email":"admin@wdcy.cc","enabled":false,"logon_clientid":"mobile_client","phone":"028-1234567","userid":21,"username":"admin"}
INFO main com.xiben.sso.client.delegate.UaasRestServiceDelegatorImpl - {"access_token":"818d526b-b948-4a9c-9008-578b2a75fc20","refresh_token":"c9429101-3ac2-4f57-a129-ba6abd886237"}
INFO main com.xiben.sso.client.delegate.UaasRestServiceDelegatorImpl - {"access_token":"818d526b-b948-4a9c-9008-578b2a75fc20","refresh_token":"c9429101-3ac2-4f57-a129-ba6abd886237"}
INFO main com.xiben.sso.client.delegate.UaasRestServiceDelegatorImpl - {"accountNonExpired":false,"accountNonLocked":false,"authenticated":false,"credentialsNonExpired":false,"email":"admin@wdcy.cc","enabled":false,"logon_clientid":"mobile_client","phone":"028-1234567","userid":21,"username":"admin"}
INFO main com.xiben.sso.client.delegate.UaasRestServiceDelegatorImpl - {"accountNonExpired":false,"accountNonLocked":false,"authenticated":false,"credentialsNonExpired":false,"email":"admin@wdcy.cc","enabled":false,"logon_clientid":"mobile_client","phone":"028-1234567","userid":21,"username":"admin"}
INFO main com.xiben.sso.client.delegate.UaasRestServiceDelegatorImpl - {"access_token":"818d526b-b948-4a9c-9008-578b2a75fc20","refresh_token":"c9429101-3ac2-4f57-a129-ba6abd886237"}
INFO main com.xiben.sso.client.delegate.UaasRestServiceDelegatorImpl - {"access_token":"818d526b-b948-4a9c-9008-578b2a75fc20","refresh_token":"c9429101-3ac2-4f57-a129-ba6abd886237"}
INFO main com.xiben.sso.client.delegate.UaasRestServiceDelegatorImpl - {"accountNonExpired":false,"accountNonLocked":false,"authenticated":false,"credentialsNonExpired":false,"email":"admin@wdcy.cc","enabled":false,"logon_clientid":"mobile_client","phone":"028-1234567","userid":21,"username":"admin"}
INFO main com.xiben.sso.client.delegate.UaasRestServiceDelegatorImpl - {"accountNonExpired":false,"accountNonLocked":false,"authenticated":false,"credentialsNonExpired":false,"email":"admin@wdcy.cc","enabled":false,"logon_clientid":"mobile_client","phone":"028-1234567","userid":21,"username":"admin"}
INFO main com.xiben.sso.client.delegate.UaasRestServiceDelegatorImpl - {"access_token":"818d526b-b948-4a9c-9008-578b2a75fc20","refresh_token":"c9429101-3ac2-4f57-a129-ba6abd886237"}
INFO main com.xiben.sso.client.delegate.UaasRestServiceDelegatorImpl - {"access_token":"818d526b-b948-4a9c-9008-578b2a75fc20","refresh_token":"c9429101-3ac2-4f57-a129-ba6abd886237"}
INFO main com.xiben.sso.client.delegate.UaasRestServiceDelegatorImpl - {"accountNonExpired":false,"accountNonLocked":false,"authenticated":false,"credentialsNonExpired":false,"email":"admin@wdcy.cc","enabled":false,"logon_clientid":"mobile_client","phone":"028-1234567","userid":21,"username":"admin"}
INFO main com.xiben.sso.client.delegate.UaasRestServiceDelegatorImpl - {"accountNonExpired":false,"accountNonLocked":false,"authenticated":false,"credentialsNonExpired":false,"email":"admin@wdcy.cc","enabled":false,"logon_clientid":"mobile_client","phone":"028-1234567","userid":21,"username":"admin"}
INFO main com.xiben.sso.client.delegate.UaasRestServiceDelegatorImpl - --------------------{"privatefield":null,"restime":"2017-10-24 10:34:36","code":1000,"resdata":{"access_token":"818d526b-b948-4a9c-9008-578b2a75fc20","refresh_token":"c9429101-3ac2-4f57-a129-ba6abd886237","expires_in":0}}
INFO main com.xiben.sso.client.delegate.UaasRestServiceDelegatorImpl - {"access_token":"818d526b-b948-4a9c-9008-578b2a75fc20","refresh_token":"c9429101-3ac2-4f57-a129-ba6abd886237"}
INFO main com.xiben.sso.client.delegate.UaasRestServiceDelegatorImpl - {"access_token":"818d526b-b948-4a9c-9008-578b2a75fc20","refresh_token":"c9429101-3ac2-4f57-a129-ba6abd886237"}
INFO main com.xiben.sso.client.delegate.UaasRestServiceDelegatorImpl - {"accountNonExpired":false,"accountNonLocked":false,"authenticated":false,"credentialsNonExpired":false,"email":"admin@wdcy.cc","enabled":false,"logon_clientid":"mobile_client","phone":"028-1234567","userid":21,"username":"admin"}
INFO main com.xiben.sso.client.delegate.UaasRestServiceDelegatorImpl - {"accountNonExpired":false,"accountNonLocked":false,"authenticated":false,"credentialsNonExpired":false,"email":"admin@wdcy.cc","enabled":false,"logon_clientid":"mobile_client","phone":"028-1234567","userid":21,"username":"admin"}
INFO main com.xiben.sso.client.delegate.UaasRestServiceDelegatorImpl - --------------------{"privatefield":null,"restime":"2017-10-24 10:39:18","code":1000,"resdata":{"access_token":"818d526b-b948-4a9c-9008-578b2a75fc20","refresh_token":"c9429101-3ac2-4f57-a129-ba6abd886237","expires_in":0}}
INFO main com.xiben.sso.client.delegate.UaasRestServiceDelegatorImpl - {"access_token":"818d526b-b948-4a9c-9008-578b2a75fc20","refresh_token":"c9429101-3ac2-4f57-a129-ba6abd886237"}
INFO main com.xiben.sso.client.delegate.UaasRestServiceDelegatorImpl - --------------------{"privatefield":null,"restime":"2017-10-24 10:39:24","code":1000,"resdata":{"access_token":"818d526b-b948-4a9c-9008-578b2a75fc20","refresh_token":"c9429101-3ac2-4f57-a129-ba6abd886237","expires_in":0}}
INFO main com.xiben.sso.client.delegate.UaasRestServiceDelegatorImpl - {"access_token":"818d526b-b948-4a9c-9008-578b2a75fc20","refresh_token":"c9429101-3ac2-4f57-a129-ba6abd886237"}
INFO main com.xiben.sso.client.delegate.UaasRestServiceDelegatorImpl - --------------------{"privatefield":null,"restime":"2017-10-24 10:39:38","code":1000,"resdata":{"access_token":"818d526b-b948-4a9c-9008-578b2a75fc20","refresh_token":"c9429101-3ac2-4f57-a129-ba6abd886237","expires_in":0}}
INFO main com.xiben.sso.client.delegate.UaasRestServiceDelegatorImpl - {"access_token":"818d526b-b948-4a9c-9008-578b2a75fc20","refresh_token":"c9429101-3ac2-4f57-a129-ba6abd886237"}
INFO main com.xiben.sso.client.delegate.UaasRestServiceDelegatorImpl - --------------------
INFO main com.xiben.sso.client.delegate.UaasRestServiceDelegatorImpl - --------------------{"privatefield":null,"restime":"2017-10-24 10:41:45","msg":"Bad credentials","code":2000,"resdata":null}
INFO main com.xiben.sso.client.delegate.UaasRestServiceDelegatorImpl - null
INFO main com.xiben.sso.client.delegate.UaasRestServiceDelegatorImpl - {"privatefield":null,"restime":"2017-10-24 10:43:59","msg":"Bad credentials","code":2000,"resdata":null}
INFO main com.xiben.sso.client.delegate.UaasRestServiceDelegatorImpl - com.xiben.sso.client.delegate.response.ServiceResponse@5fcd892a
INFO main com.xiben.sso.client.delegate.UaasRestServiceDelegatorImpl - null
INFO main com.xiben.sso.client.delegate.UaasRestServiceDelegatorImpl - {"privatefield":null,"restime":"2017-10-24 11:10:04","msg":"Bad credentials","code":2000,"resdata":null}
INFO main com.xiben.sso.client.delegate.UaasRestServiceDelegatorImpl - com.xiben.sso.client.delegate.response.ServiceResponse@5fcd892a
INFO main com.xiben.sso.client.delegate.UaasRestServiceDelegatorImpl - {"privatefield":null,"restime":"2017-10-24 11:10:13","msg":"Bad credentials","code":2000,"resdata":null}
INFO main com.xiben.sso.client.delegate.UaasRestServiceDelegatorImpl - com.xiben.sso.client.delegate.response.ServiceResponse@5fcd892a
INFO main com.xiben.sso.client.delegate.UaasRestServiceDelegatorImpl - {"privatefield":null,"restime":"2017-10-24 11:10:56","msg":"Bad credentials","code":2000,"resdata":null}
INFO main com.xiben.sso.client.delegate.UaasRestServiceDelegatorImpl - com.xiben.sso.client.delegate.response.ServiceResponse@5fcd892a
INFO main com.xiben.sso.client.delegate.UaasRestServiceDelegatorImpl - {"privatefield":null,"restime":"2017-10-24 11:11:07","msg":null,"code":1000,"resdata":{"access_token":"818d526b-b948-4a9c-9008-578b2a75fc20","refresh_token":"c9429101-3ac2-4f57-a129-ba6abd886237","expires_in":0}}
INFO main com.xiben.sso.client.delegate.UaasRestServiceDelegatorImpl - com.xiben.sso.client.delegate.response.ServiceResponse@8b87145
INFO main com.xiben.sso.client.delegate.UaasRestServiceDelegatorImpl - {"access_token":"818d526b-b948-4a9c-9008-578b2a75fc20","refresh_token":"c9429101-3ac2-4f57-a129-ba6abd886237"}
INFO main com.xiben.sso.client.delegate.UaasRestServiceDelegatorImpl - {"privatefield":null,"restime":"2017-10-24 11:32:17","msg":null,"code":1000,"resdata":{"access_token":"818d526b-b948-4a9c-9008-578b2a75fc20","refresh_token":"c9429101-3ac2-4f57-a129-ba6abd886237","expires_in":0}}
INFO main com.xiben.sso.client.delegate.UaasRestServiceDelegatorImpl - com.xiben.sso.client.delegate.response.ServiceResponse@8b87145
INFO main com.xiben.sso.client.delegate.UaasRestServiceDelegatorImpl - {"access_token":"818d526b-b948-4a9c-9008-578b2a75fc20","refresh_token":"c9429101-3ac2-4f57-a129-ba6abd886237"}
INFO main com.xiben.sso.client.delegate.UaasRestServiceDelegatorImpl - accesstoken={"access_token":"647fcf04-63e2-41ac-8ce7-5dfa0dade33d","refresh_token":"c9429101-3ac2-4f57-a129-ba6abd886237"}
INFO main com.xiben.sso.client.delegate.UaasRestServiceDelegatorImpl - 
INFO main com.xiben.sso.client.delegate.UaasRestServiceDelegatorImpl - {"privatefield":null,"restime":"2017-10-24 14:14:07","msg":"PreparedStatementCallback; uncategorized SQLException for SQL [ select * from user_ where username = ? and archived = 0 ]; SQL state [S0022]; error code [0]; Column 'dispname' not found.; nested exception is java.sql.SQLException: Column 'dispname' not found.","code":2000,"resdata":null}
INFO main com.xiben.sso.client.delegate.UaasRestServiceDelegatorImpl - com.xiben.sso.client.delegate.response.ServiceResponse@61ca2dfa
INFO main com.xiben.sso.client.delegate.UaasRestServiceDelegatorImpl - {"privatefield":null,"restime":"2017-10-24 14:15:52","msg":"PreparedStatementCallback; uncategorized SQLException for SQL [ select * from user_ where username = ? and archived = 0 ]; SQL state [S0022]; error code [0]; Column 'truename' not found.; nested exception is java.sql.SQLException: Column 'truename' not found.","code":2000,"resdata":null}
INFO main com.xiben.sso.client.delegate.UaasRestServiceDelegatorImpl - com.xiben.sso.client.delegate.response.ServiceResponse@61ca2dfa
INFO main com.xiben.sso.client.delegate.UaasRestServiceDelegatorImpl - {"privatefield":null,"restime":"2017-10-24 14:16:22","msg":"PreparedStatementCallback; uncategorized SQLException for SQL [ select * from user_ where username = ? and archived = 0 ]; SQL state [S0022]; error code [0]; Column 'isshownickname' not found.; nested exception is java.sql.SQLException: Column 'isshownickname' not found.","code":2000,"resdata":null}
INFO main com.xiben.sso.client.delegate.UaasRestServiceDelegatorImpl - com.xiben.sso.client.delegate.response.ServiceResponse@61ca2dfa
INFO main com.xiben.sso.client.delegate.UaasRestServiceDelegatorImpl - {"privatefield":null,"restime":"2017-10-24 14:16:53","msg":"PreparedStatementCallback; uncategorized SQLException for SQL [ select * from user_ where username = ? and archived = 0 ]; SQL state [S0022]; error code [0]; Column 'sex' not found.; nested exception is java.sql.SQLException: Column 'sex' not found.","code":2000,"resdata":null}
INFO main com.xiben.sso.client.delegate.UaasRestServiceDelegatorImpl - com.xiben.sso.client.delegate.response.ServiceResponse@61ca2dfa
INFO main com.xiben.sso.client.delegate.UaasRestServiceDelegatorImpl - {"privatefield":null,"restime":"2017-10-24 14:17:20","msg":"PreparedStatementCallback; uncategorized SQLException for SQL [ select * from user_ where username = ? and archived = 0 ]; SQL state [S0022]; error code [0]; Column 'superioruserid' not found.; nested exception is java.sql.SQLException: Column 'superioruserid' not found.","code":2000,"resdata":null}
INFO main com.xiben.sso.client.delegate.UaasRestServiceDelegatorImpl - com.xiben.sso.client.delegate.response.ServiceResponse@61ca2dfa
INFO main com.xiben.sso.client.delegate.UaasRestServiceDelegatorImpl - {"privatefield":null,"restime":"2017-10-24 14:17:40","msg":"PreparedStatementCallback; uncategorized SQLException for SQL [ select * from user_ where username = ? and archived = 0 ]; SQL state [S0022]; error code [0]; Column 'securitypass' not found.; nested exception is java.sql.SQLException: Column 'securitypass' not found.","code":2000,"resdata":null}
INFO main com.xiben.sso.client.delegate.UaasRestServiceDelegatorImpl - com.xiben.sso.client.delegate.response.ServiceResponse@61ca2dfa
INFO main com.xiben.sso.client.delegate.UaasRestServiceDelegatorImpl - {"privatefield":null,"restime":"2017-10-24 14:18:07","msg":"PreparedStatementCallback; uncategorized SQLException for SQL [ select * from user_ where username = ? and archived = 0 ]; SQL state [S0022]; error code [0]; Column 'securitylevel' not found.; nested exception is java.sql.SQLException: Column 'securitylevel' not found.","code":2000,"resdata":null}
INFO main com.xiben.sso.client.delegate.UaasRestServiceDelegatorImpl - com.xiben.sso.client.delegate.response.ServiceResponse@61ca2dfa
INFO main com.xiben.sso.client.delegate.UaasRestServiceDelegatorImpl - {"privatefield":null,"restime":"2017-10-24 14:18:32","msg":"PreparedStatementCallback; uncategorized SQLException for SQL [ select * from user_ where username = ? and archived = 0 ]; SQL state [S0022]; error code [0]; Column 'authstatus' not found.; nested exception is java.sql.SQLException: Column 'authstatus' not found.","code":2000,"resdata":null}
INFO main com.xiben.sso.client.delegate.UaasRestServiceDelegatorImpl - com.xiben.sso.client.delegate.response.ServiceResponse@61ca2dfa
INFO main com.xiben.sso.client.delegate.UaasRestServiceDelegatorImpl - {"privatefield":null,"restime":"2017-10-24 14:19:04","msg":null,"code":1000,"resdata":{"access_token":"647fcf04-63e2-41ac-8ce7-5dfa0dade33d","refresh_token":"c9429101-3ac2-4f57-a129-ba6abd886237","expires_in":0}}
INFO main com.xiben.sso.client.delegate.UaasRestServiceDelegatorImpl - com.xiben.sso.client.delegate.response.ServiceResponse@4b53f538
INFO main com.xiben.sso.client.delegate.UaasRestServiceDelegatorImpl - {"access_token":"647fcf04-63e2-41ac-8ce7-5dfa0dade33d","refresh_token":"c9429101-3ac2-4f57-a129-ba6abd886237"}
INFO main com.xiben.sso.client.delegate.UaasRestServiceDelegatorImpl - {"authstatus":1,"email":"admin@wdcy.cc","hadsecuritypass":1,"isshownickname":1,"logon_clientid":"mobile_client","logourl":"","nickname":"","phone":"028-1234567","securitylevel":1,"sex":1,"superioruserid":0,"userid":21,"username":"admin","version":"2"}
INFO main com.xiben.sso.client.delegate.UaasRestServiceDelegatorImpl - {"privatefield":null,"restime":"2017-10-24 14:19:44","msg":null,"code":1000,"resdata":{"access_token":"647fcf04-63e2-41ac-8ce7-5dfa0dade33d","refresh_token":"c9429101-3ac2-4f57-a129-ba6abd886237","expires_in":0}}
INFO main com.xiben.sso.client.delegate.UaasRestServiceDelegatorImpl - com.xiben.sso.client.delegate.response.ServiceResponse@4b53f538
INFO main com.xiben.sso.client.delegate.UaasRestServiceDelegatorImpl - {"access_token":"647fcf04-63e2-41ac-8ce7-5dfa0dade33d","refresh_token":"c9429101-3ac2-4f57-a129-ba6abd886237"}
INFO main com.xiben.sso.client.delegate.UaasRestServiceDelegatorImpl - userInfo:{"authstatus":1,"email":"admin@wdcy.cc","hadsecuritypass":1,"isshownickname":1,"logon_clientid":"mobile_client","logourl":"","nickname":"","phone":"028-1234567","securitylevel":1,"sex":1,"superioruserid":0,"userid":21,"username":"admin","version":"2"}
INFO main com.xiben.sso.client.delegate.UaasRestServiceDelegatorImpl - {"access_token":"0eb5008c-2529-4bb3-ada0-14316967b4b9","refresh_token":"3ed8db2c-89f2-40e8-8223-15348a11e539"}
INFO main com.xiben.sso.client.delegate.UaasRestServiceDelegatorImpl - userInfo:{"authstatus":1,"dispname":"张三1","email":"a@b.c","hadsecuritypass":1,"isshownickname":1,"logon_clientid":"mobile_client","logourl":"logourl","nickname":"张三","phone":"23916929615","securitylevel":1,"sex":1,"superioruserid":2,"truename":"张五常","userid":21,"username":"admin","version":"6"}
INFO main com.xiben.sso.client.delegate.UaasRestServiceDelegatorImpl - {"access_token":"d96cd251-885a-49ab-9ea7-fd2d6720614e","refresh_token":"d0e7a338-d885-40a9-8824-4c99b1b35420"}
INFO main com.xiben.sso.client.delegate.UaasRestServiceDelegatorImpl - userInfo:{"authstatus":1,"dispname":"张三1","email":"a@b.c","hadsecuritypass":1,"isshownickname":1,"logon_clientid":"mobile_client","logourl":"logourl","nickname":"张三","phone":"23916929615","securitylevel":1,"sex":1,"superioruserid":2,"truename":"张五常","userid":21,"username":"admin","version":"6"}
INFO main com.xiben.sso.client.delegate.UaasRestServiceDelegatorImpl - {"access_token":"da9dc882-56c3-476a-b267-a030a991727c","refresh_token":"0549e055-e98f-4163-ab54-ab95781fc1c4"}
INFO main com.xiben.sso.client.delegate.UaasRestServiceDelegatorImpl - accesstoken={"access_token":"41c15064-4c6c-4521-9d7c-1e5982ed6dfc","refresh_token":"2e831577-33ff-4d04-875b-b9bda26349d7"}
INFO main com.xiben.sso.client.delegate.UaasRestServiceDelegatorImpl - userInfo:{"authstatus":1,"dispname":"张三1","email":"a@b.c","hadsecuritypass":1,"isshownickname":1,"logon_clientid":"mobile_client","logourl":"logourl","nickname":"张三","phone":"23916929615","securitylevel":1,"sex":1,"superioruserid":2,"truename":"张五常","userid":21,"username":"admin","version":"6"}
INFO main com.xiben.sso.client.delegate.UaasRestServiceDelegatorImpl - {"access_token":"d9b80fb8-291b-4b2a-9352-b77b04bbc83a","refresh_token":"0d7db0d8-ad9a-4c64-a658-f51723496606"}
INFO main com.xiben.sso.client.delegate.UaasRestServiceDelegatorImpl - {"access_token":"c2521170-d2fe-4da3-ad09-ca1888b63da7","refresh_token":"7c3d916e-e3c5-4691-bbce-23db3341218f"}
INFO main com.xiben.sso.client.delegate.UaasRestServiceDelegatorImpl - {"access_token":"def2f525-c3eb-4d63-aa10-447917ab48cc","refresh_token":"eec1d079-b510-4cce-afaa-dc79a17f4115"}
INFO main com.xiben.sso.client.delegate.UaasRestServiceDelegatorImpl - {"access_token":"2f60fd5c-03ae-40d2-b697-94d5f875ebfb","refresh_token":"4842e34f-de40-4446-a2fa-f6c55da4cb8c"}
INFO main com.xiben.sso.client.delegate.UaasRestServiceDelegatorImpl - {"access_token":"f1731405-b1fd-4637-9e5f-a29a06781657","refresh_token":"8a73e60d-f4be-4531-a5a9-1464fcf69ecf"}
INFO main com.xiben.sso.client.delegate.UaasRestServiceDelegatorImpl - {"privatefield":null,"restime":"2017-10-27 08:42:43","msg":null,"code":1000,"resdata":{"userid":21,"username":"admin","nickname":"张三","dispname":"张三1","truename":"张五常","isshownickname":1,"sex":1,"logourl":"logourl","phone":"23916929615","email":"a@b.c","superioruserid":2,"securitylevel":1,"hadsecuritypass":1,"authstatus":1,"version":"6","logon_clientid":"mobile_client"}}
INFO main com.xiben.sso.client.delegate.UaasRestServiceDelegatorImpl - {"access_token":"c5b3bd1b-4b5b-4729-9666-cad1de03893f","refresh_token":"bce90b96-ae60-4798-9998-b017b70c5fae"}
INFO main com.xiben.sso.client.delegate.UaasRestServiceDelegatorImpl - {"privatefield":null,"restime":"2017-10-27 08:44:27","msg":null,"code":1000,"resdata":{"userid":21,"username":"admin","nickname":"张三","dispname":"张三1","truename":"张五常","isshownickname":1,"sex":1,"logourl":"logourl","phone":"23916929615","email":"a@b.c","superioruserid":2,"securitylevel":1,"hadsecuritypass":1,"authstatus":1,"version":"6","logon_clientid":"mobile_client"}}
INFO main com.xiben.sso.client.delegate.UaasRestServiceDelegatorImpl - {"access_token":"463bbe95-476b-46e1-99bb-0979866833e5","refresh_token":"304537c9-9b3f-4577-928b-167d51ba4c7f"}
INFO main com.xiben.sso.client.delegate.UaasRestServiceDelegatorImpl - {"privatefield":null,"restime":"2017-10-27 08:44:43","msg":null,"code":1000,"resdata":null}
INFO main com.xiben.sso.client.delegate.UaasRestServiceDelegatorImpl - {"access_token":"f1af490a-0871-4948-93f1-36e9c2fe3ae7","refresh_token":"80195267-0060-49ca-9c77-7dce40d1963a"}
INFO main com.xiben.sso.client.delegate.UaasRestServiceDelegatorImpl - {"privatefield":null,"restime":"2017-10-27 08:48:30","msg":null,"code":1000,"resdata":null}
INFO main com.xiben.sso.client.delegate.UaasRestServiceDelegatorImpl - {"privatefield":null,"restime":"2017-10-27 08:48:30","msg":null,"code":1000,"resdata":null}
INFO main com.xiben.sso.client.delegate.UaasRestServiceDelegatorImpl - {"access_token":"d9846f4d-1db8-4980-9b79-a0f0329734ff","refresh_token":"5eb504e5-a104-42e1-8ebe-a000456f054a"}
INFO main com.xiben.sso.client.delegate.UaasRestServiceDelegatorImpl - {"privatefield":null,"restime":"2017-10-27 08:49:28","msg":null,"code":1000,"resdata":null}
INFO main com.xiben.sso.client.delegate.UaasRestServiceDelegatorImpl - {"privatefield":null,"restime":"2017-10-27 08:49:28","msg":null,"code":1000,"resdata":null}
INFO main com.xiben.sso.client.delegate.UaasRestServiceDelegatorImpl - {"access_token":"179e938b-b860-4909-88d9-8c50e1ed64f6","refresh_token":"19b6b8a0-494e-41f2-b86f-9e273e44de85"}
INFO main com.xiben.sso.client.delegate.UaasRestServiceDelegatorImpl - {"privatefield":null,"restime":"2017-10-27 08:56:20","msg":null,"code":1000,"resdata":null}
INFO main com.xiben.sso.client.delegate.UaasRestServiceDelegatorImpl - {"privatefield":null,"restime":"2017-10-27 08:56:20","msg":null,"code":1000,"resdata":{"secureunid":"c1a4ad12-0690-4a8c-947b-638916ad5a40"}}
INFO main com.xiben.sso.client.delegate.UaasRestServiceDelegatorImpl - {"access_token":"1107e9f0-7ae6-4dd2-81d6-e588fc134cf4","refresh_token":"c03fdfdc-63e5-472e-a3fb-681abc01e608"}
INFO main com.xiben.sso.client.delegate.UaasRestServiceDelegatorImpl - {"privatefield":null,"restime":"2017-10-27 08:57:33","msg":null,"code":1000,"resdata":null}
INFO main com.xiben.sso.client.delegate.UaasRestServiceDelegatorImpl - {"privatefield":null,"restime":"2017-10-27 08:57:33","msg":null,"code":1000,"resdata":{"secureunid":"e1172b3c-b9c2-400f-ae40-96c27666ce6f"}}
INFO main com.xiben.sso.client.delegate.UaasRestServiceDelegatorImpl - {"access_token":"b0c7d1c4-49d5-4b84-9fb3-c54c88d3054e","refresh_token":"8520652e-2b07-47de-a9d2-84941e8514d5"}
INFO main com.xiben.sso.client.delegate.UaasRestServiceDelegatorImpl - {"privatefield":null,"restime":"2017-10-27 08:58:26","msg":null,"code":1000,"resdata":null}
INFO main com.xiben.sso.client.delegate.UaasRestServiceDelegatorImpl - {"privatefield":null,"restime":"2017-10-27 08:58:26","msg":null,"code":1000,"resdata":{"secureunid":"d830e027-271c-4f68-9b49-3c067d11506b"}}
INFO main com.xiben.sso.client.delegate.UaasRestServiceDelegatorImpl - {"access_token":"aee44e28-0101-405d-8b9e-7d1cfc13f495","refresh_token":"87da256c-59ba-4d49-aa80-1d6a37c8ca16"}
INFO main com.xiben.sso.client.delegate.UaasRestServiceDelegatorImpl - {"privatefield":null,"restime":"2017-10-27 08:59:22","msg":null,"code":1000,"resdata":null}
INFO main com.xiben.sso.client.delegate.UaasRestServiceDelegatorImpl - {"privatefield":null,"restime":"2017-10-27 08:59:22","msg":null,"code":1000,"resdata":{"secureunid":"fd9628b4-d444-431f-a840-61eeff17c9a7"}}
INFO main com.xiben.sso.client.delegate.UaasRestServiceDelegatorImpl - com.xiben.sso.client.delegate.response.ServiceResponse@80169cf
INFO main com.xiben.sso.client.delegate.UaasRestServiceDelegatorImpl - {"access_token":"571b3300-5263-48b6-b528-38acaf607cae","refresh_token":"05012634-247b-4211-a15f-81f2bad6831f"}
INFO main com.xiben.sso.client.delegate.UaasRestServiceDelegatorImpl - {"privatefield":null,"restime":"2017-10-27 09:00:53","msg":null,"code":1000,"resdata":null}
INFO main com.xiben.sso.client.delegate.UaasRestServiceDelegatorImpl - {"privatefield":null,"restime":"2017-10-27 09:00:53","msg":null,"code":1000,"resdata":{"secureunid":"9c5cbb6b-afbf-44fb-9e8e-4e709e3ec328"}}
INFO main com.xiben.sso.client.delegate.UaasRestServiceDelegatorImpl - com.xiben.sso.client.delegate.response.ServiceResponse@5427c60c
INFO main com.xiben.sso.client.delegate.UaasRestServiceDelegatorImpl - {"code":1000,"resdata":{"secureunid":"9c5cbb6b-afbf-44fb-9e8e-4e709e3ec328"},"restime":"2017-10-27 09:00:53"}
INFO main com.xiben.sso.client.delegate.UaasRestServiceDelegatorImpl - {"access_token":"794d1314-8ed8-499b-90d9-715838e43fb3","refresh_token":"c5fc7933-cee3-45fe-9bcb-097d0c44a0e0"}
INFO main com.xiben.sso.client.delegate.UaasRestServiceDelegatorImpl - {"privatefield":null,"restime":"2017-10-27 09:01:58","msg":null,"code":1000,"resdata":null}
INFO main com.xiben.sso.client.delegate.UaasRestServiceDelegatorImpl - {"privatefield":null,"restime":"2017-10-27 09:01:58","msg":null,"code":1000,"resdata":{"secureunid":"2ec0910f-ea7e-408b-9818-4d5a52f2489c"}}
INFO main com.xiben.sso.client.delegate.UaasRestServiceDelegatorImpl - com.xiben.sso.client.delegate.response.ServiceResponse@80169cf
INFO main com.xiben.sso.client.delegate.UaasRestServiceDelegatorImpl - {"code":1000,"resdata":{"secureunid":"2ec0910f-ea7e-408b-9818-4d5a52f2489c"},"restime":"2017-10-27 09:01:58"}
INFO main com.xiben.sso.client.delegate.UaasRestServiceDelegatorImpl - {"access_token":"4059816e-9531-4fcb-9577-32e16ede3168","refresh_token":"87bd61c3-81f0-4085-8512-a53288c04e22"}
INFO main com.xiben.sso.client.delegate.UaasRestServiceDelegatorImpl - {"privatefield":null,"restime":"2017-10-27 09:02:40","msg":null,"code":1000,"resdata":null}
INFO main com.xiben.sso.client.delegate.UaasRestServiceDelegatorImpl - {"privatefield":null,"restime":"2017-10-27 09:02:40","msg":null,"code":1000,"resdata":{"secureunid":"8e0a1af2-6a00-4d98-9694-64b676f9ee98"}}
INFO main com.xiben.sso.client.delegate.UaasRestServiceDelegatorImpl - com.xiben.sso.client.delegate.response.ServiceResponse@80169cf
INFO main com.xiben.sso.client.delegate.UaasRestServiceDelegatorImpl - {"code":1000,"resdata":{"secureunid":"8e0a1af2-6a00-4d98-9694-64b676f9ee98"},"restime":"2017-10-27 09:02:40"}
INFO main com.xiben.sso.client.delegate.UaasRestServiceDelegatorImpl - {"access_token":"f3910094-3480-4c9e-8b5d-c0576948f837","refresh_token":"83e98442-5bdd-4375-bb69-d551869e061a"}
INFO main com.xiben.sso.client.delegate.UaasRestServiceDelegatorImpl - {"privatefield":null,"restime":"2017-10-27 09:08:46","msg":null,"code":1000,"resdata":null}
INFO main com.xiben.sso.client.delegate.UaasRestServiceDelegatorImpl - {"privatefield":null,"restime":"2017-10-27 09:08:46","msg":null,"code":1000,"resdata":{"secureunid":"8c841177-ff79-42d0-87bc-64c6e2e06d23"}}
INFO main com.xiben.sso.client.delegate.UaasRestServiceDelegatorImpl - com.xiben.sso.client.delegate.response.ServiceResponse@80169cf
INFO main com.xiben.sso.client.delegate.UaasRestServiceDelegatorImpl - {"code":1000,"resdata":{"secureunid":"8c841177-ff79-42d0-87bc-64c6e2e06d23"},"restime":"2017-10-27 09:08:46"}
INFO main com.xiben.sso.client.delegate.UaasRestServiceDelegatorImpl - {"access_token":"aa4ac917-98a4-4caa-8f17-0f4405b79cfc","refresh_token":"4293bbe1-cdbf-4450-8953-86fc852518f8"}
INFO main com.xiben.sso.client.delegate.UaasRestServiceDelegatorImpl - {"privatefield":null,"restime":"2017-10-27 09:09:09","msg":null,"code":1000,"resdata":null}
INFO main com.xiben.sso.client.delegate.UaasRestServiceDelegatorImpl - {"privatefield":null,"restime":"2017-10-27 09:09:09","msg":null,"code":1000,"resdata":{"secureunid":"65bf2253-203e-4f79-be8d-f6513084a447"}}
INFO main com.xiben.sso.client.delegate.UaasRestServiceDelegatorImpl - com.xiben.sso.client.delegate.response.ServiceResponse@80169cf
INFO main com.xiben.sso.client.delegate.UaasRestServiceDelegatorImpl - {"code":1000,"resdata":{"secureunid":"65bf2253-203e-4f79-be8d-f6513084a447"},"restime":"2017-10-27 09:09:09"}
INFO main com.xiben.sso.client.delegate.UaasRestServiceDelegatorImpl - {"access_token":"71ad0418-12e5-432d-a204-4dbfbdbc30b0","refresh_token":"f37076e5-8435-4c34-a7eb-1fced9dcb76c"}
INFO main com.xiben.sso.client.delegate.UaasRestServiceDelegatorImpl - {"privatefield":null,"restime":"2017-10-27 09:09:34","msg":null,"code":1000,"resdata":null}
INFO main com.xiben.sso.client.delegate.UaasRestServiceDelegatorImpl - {"access_token":"6e4cd9fa-cca2-4ac4-acce-31b2f761bd9d","refresh_token":"5ced558f-ffe9-4af6-bb85-54d2c398c729"}
INFO main com.xiben.sso.client.delegate.UaasRestServiceDelegatorImpl - {"privatefield":null,"restime":"2017-10-27 09:10:23","msg":null,"code":1000,"resdata":null}
INFO main com.xiben.sso.client.delegate.UaasRestServiceDelegatorImpl - {"access_token":"074b4374-423c-4fcb-ac00-9fc11dd8d080","refresh_token":"15ad6c71-357f-41fe-bdcb-819d8c092ddb"}
INFO main com.xiben.sso.client.delegate.UaasRestServiceDelegatorImpl - {"privatefield":null,"restime":"2017-10-27 09:12:04","msg":null,"code":1000,"resdata":null}
INFO main com.xiben.sso.client.delegate.UaasRestServiceDelegatorImpl - userInfo:{"authstatus":1,"dispname":"张三1","email":"a@b.c","hadsecuritypass":1,"isshownickname":1,"logon_clientid":"mobile_client","logourl":"logourl","nickname":"张三","phone":"23916929615","securitylevel":1,"sex":1,"superioruserid":2,"truename":"张五常","userid":21,"username":"admin","version":"6"}
INFO main com.xiben.sso.client.delegate.UaasRestServiceDelegatorImpl - userInfo:{"authstatus":1,"dispname":"张三1","email":"a@b.c","hadsecuritypass":1,"isshownickname":1,"logon_clientid":"mobile_client","logourl":"logourl","nickname":"张三","phone":"23916929615","securitylevel":1,"sex":1,"superioruserid":2,"truename":"张五常","userid":21,"username":"admin","version":"6"}
INFO main com.xiben.sso.client.delegate.UaasRestServiceDelegatorImpl - {"privatefield":null,"restime":"2017-10-27 09:12:04","msg":null,"code":1000,"resdata":{"secureunid":"62c3e990-f3c5-4000-b8ae-068931ed3734"}}
INFO main com.xiben.sso.client.delegate.UaasRestServiceDelegatorImpl - com.xiben.sso.client.delegate.response.ServiceResponse@71d15f18
INFO main com.xiben.sso.client.delegate.UaasRestServiceDelegatorImpl - {"code":1000,"resdata":{"secureunid":"62c3e990-f3c5-4000-b8ae-068931ed3734"},"restime":"2017-10-27 09:12:04"}
INFO main com.xiben.sso.client.delegate.UaasRestServiceDelegatorImpl - {"access_token":"9daf5cce-9d68-4bc8-ab20-e8ca787011bc","refresh_token":"9bfdc0e9-a2cc-4535-93c7-339efa940884"}
INFO main com.xiben.sso.client.delegate.UaasRestServiceDelegatorImpl - {"privatefield":null,"restime":"2017-10-27 09:12:18","msg":null,"code":1000,"resdata":null}
INFO main com.xiben.sso.client.delegate.UaasRestServiceDelegatorImpl - userInfo:{"authstatus":1,"dispname":"张三1","email":"a@b.c","hadsecuritypass":1,"isshownickname":1,"logon_clientid":"mobile_client","logourl":"logourl","nickname":"张三","phone":"23916929615","securitylevel":1,"sex":1,"superioruserid":2,"truename":"张五常","userid":21,"username":"admin","version":"6"}
INFO main com.xiben.sso.client.delegate.UaasRestServiceDelegatorImpl - userInfo:{"authstatus":1,"dispname":"张三1","email":"a@b.c","hadsecuritypass":1,"isshownickname":1,"logon_clientid":"mobile_client","logourl":"logourl","nickname":"张三","phone":"23916929615","securitylevel":1,"sex":1,"superioruserid":2,"truename":"张五常","userid":21,"username":"admin","version":"6"}
INFO main com.xiben.sso.client.delegate.UaasRestServiceDelegatorImpl - {"privatefield":null,"restime":"2017-10-27 09:12:18","msg":null,"code":1000,"resdata":{"secureunid":"810ab044-e06d-4110-9b50-3e3f32ed5167"}}
INFO main com.xiben.sso.client.delegate.UaasRestServiceDelegatorImpl - com.xiben.sso.client.delegate.response.ServiceResponse@17695df3
INFO main com.xiben.sso.client.delegate.UaasRestServiceDelegatorImpl - {"code":1000,"resdata":{"secureunid":"810ab044-e06d-4110-9b50-3e3f32ed5167"},"restime":"2017-10-27 09:12:18"}
INFO main com.xiben.sso.client.delegate.UaasRestServiceDelegatorImpl - {"access_token":"46acb848-9132-4b5a-bbfc-6b78ea455459","refresh_token":"4f187c07-285c-4a04-8bb7-b09e4674797f"}
INFO main com.xiben.sso.client.delegate.UaasRestServiceDelegatorImpl - {"privatefield":null,"restime":"2017-10-27 09:21:10","msg":null,"code":1000,"resdata":null}
INFO main com.xiben.sso.client.delegate.UaasRestServiceDelegatorImpl - userInfo:{"authstatus":1,"dispname":"张三1","email":"a@b.c","hadsecuritypass":1,"isshownickname":1,"logon_clientid":"mobile_client","logourl":"logourl","nickname":"张三","phone":"23916929615","securitylevel":1,"sex":1,"superioruserid":2,"truename":"张五常","userid":21,"username":"admin","version":"6"}
INFO main com.xiben.sso.client.delegate.UaasRestServiceDelegatorImpl - userInfo:{"authstatus":1,"dispname":"张三1","email":"a@b.c","hadsecuritypass":1,"isshownickname":1,"logon_clientid":"mobile_client","logourl":"logourl","nickname":"张三","phone":"23916929615","securitylevel":1,"sex":1,"superioruserid":2,"truename":"张五常","userid":21,"username":"admin","version":"6"}
INFO main com.xiben.sso.client.delegate.UaasRestServiceDelegatorImpl - {"privatefield":null,"restime":"2017-10-27 09:21:10","msg":null,"code":1000,"resdata":{"secureunid":"801283ee-1b55-47a0-9e5d-bff4196d8ecb"}}
INFO main com.xiben.sso.client.delegate.UaasRestServiceDelegatorImpl - com.xiben.sso.client.delegate.response.ServiceResponse@71d15f18
INFO main com.xiben.sso.client.delegate.UaasRestServiceDelegatorImpl - {"code":1000,"resdata":{"secureunid":"801283ee-1b55-47a0-9e5d-bff4196d8ecb"},"restime":"2017-10-27 09:21:10"}
INFO main com.xiben.sso.client.delegate.UaasRestServiceDelegatorImpl - {"privatefield":null,"restime":"2017-10-27 09:21:10","msg":"安全码有误","code":2000,"resdata":null}
INFO main com.xiben.sso.client.delegate.UaasRestServiceDelegatorImpl - com.xiben.sso.client.delegate.response.ServiceResponse@530612ba
INFO main com.xiben.sso.client.delegate.UaasRestServiceDelegatorImpl - {"code":2000,"msg":"安全码有误","restime":"2017-10-27 09:21:10"}
INFO main com.xiben.sso.client.delegate.UaasRestServiceDelegatorImpl - {"access_token":"7ae4bc37-596b-444c-a627-e2abb72e2085","refresh_token":"b2879941-8659-4e12-b22b-e7d236afbfa8"}
INFO main com.xiben.sso.client.delegate.UaasRestServiceDelegatorImpl - {"privatefield":null,"restime":"2017-10-27 09:21:54","msg":null,"code":1000,"resdata":null}
INFO main com.xiben.sso.client.delegate.UaasRestServiceDelegatorImpl - userInfo:{"authstatus":1,"dispname":"张三1","email":"a@b.c","hadsecuritypass":1,"isshownickname":1,"logon_clientid":"mobile_client","logourl":"logourl","nickname":"张三","phone":"23916929615","securitylevel":1,"sex":1,"superioruserid":2,"truename":"张五常","userid":21,"username":"admin","version":"6"}
INFO main com.xiben.sso.client.delegate.UaasRestServiceDelegatorImpl - userInfo:{"authstatus":1,"dispname":"张三1","email":"a@b.c","hadsecuritypass":1,"isshownickname":1,"logon_clientid":"mobile_client","logourl":"logourl","nickname":"张三","phone":"23916929615","securitylevel":1,"sex":1,"superioruserid":2,"truename":"张五常","userid":21,"username":"admin","version":"6"}
INFO main com.xiben.sso.client.delegate.UaasRestServiceDelegatorImpl - {"privatefield":null,"restime":"2017-10-27 09:21:54","msg":null,"code":1000,"resdata":{"secureunid":"cab2b3f8-2cfc-4fc9-8e14-3f4759df378c"}}
INFO main com.xiben.sso.client.delegate.UaasRestServiceDelegatorImpl - com.xiben.sso.client.delegate.response.ServiceResponse@17695df3
INFO main com.xiben.sso.client.delegate.UaasRestServiceDelegatorImpl - {"code":1000,"resdata":{"secureunid":"cab2b3f8-2cfc-4fc9-8e14-3f4759df378c"},"restime":"2017-10-27 09:21:54"}
INFO main com.xiben.sso.client.delegate.UaasRestServiceDelegatorImpl - {"privatefield":null,"restime":"2017-10-27 09:21:54","msg":null,"code":1000,"resdata":null}
INFO main com.xiben.sso.client.delegate.UaasRestServiceDelegatorImpl - com.xiben.sso.client.delegate.response.ServiceResponse@2a40cd94
INFO main com.xiben.sso.client.delegate.UaasRestServiceDelegatorImpl - {"code":1000,"restime":"2017-10-27 09:21:54"}
INFO main com.xiben.sso.client.delegate.UaasRestServiceDelegatorImpl - {"access_token":"7f2f7278-ec0f-47f4-bdae-56aed9901131","refresh_token":"11e83e9d-4cdd-41e9-9ce1-4ce1cddba7c9"}
INFO main com.xiben.sso.client.delegate.UaasRestServiceDelegatorImpl - {"privatefield":null,"restime":"2017-10-27 09:28:04","msg":null,"code":1000,"resdata":null}
INFO main com.xiben.sso.client.delegate.UaasRestServiceDelegatorImpl - userInfo:{"authstatus":1,"dispname":"张三1","email":"a@b.c","hadsecuritypass":1,"isshownickname":1,"logon_clientid":"mobile_client","logourl":"logourl","nickname":"张三","phone":"23916929615","securitylevel":1,"sex":1,"superioruserid":2,"truename":"张五常","userid":21,"username":"admin","version":"6"}
INFO main com.xiben.sso.client.delegate.UaasRestServiceDelegatorImpl - userInfo:{"authstatus":1,"dispname":"张三1","email":"a@b.c","hadsecuritypass":1,"isshownickname":1,"logon_clientid":"mobile_client","logourl":"logourl","nickname":"张三","phone":"23916929615","securitylevel":1,"sex":1,"superioruserid":2,"truename":"张五常","userid":21,"username":"admin","version":"6"}
INFO main com.xiben.sso.client.delegate.UaasRestServiceDelegatorImpl - {"privatefield":null,"restime":"2017-10-27 09:28:04","msg":null,"code":1000,"resdata":{"secureunid":"3773c1f2-9b36-48b5-9c3b-56713afa60a7"}}
INFO main com.xiben.sso.client.delegate.UaasRestServiceDelegatorImpl - com.xiben.sso.client.delegate.response.ServiceResponse@71d15f18
INFO main com.xiben.sso.client.delegate.UaasRestServiceDelegatorImpl - {"code":1000,"resdata":{"secureunid":"3773c1f2-9b36-48b5-9c3b-56713afa60a7"},"restime":"2017-10-27 09:28:04"}
INFO main com.xiben.sso.client.delegate.UaasRestServiceDelegatorImpl - {"privatefield":null,"restime":"2017-10-27 09:28:05","msg":"安全码有误","code":2000,"resdata":null}
INFO main com.xiben.sso.client.delegate.UaasRestServiceDelegatorImpl - com.xiben.sso.client.delegate.response.ServiceResponse@2a40cd94
INFO main com.xiben.sso.client.delegate.UaasRestServiceDelegatorImpl - {"code":2000,"msg":"安全码有误","restime":"2017-10-27 09:28:05"}
INFO main com.xiben.sso.client.delegate.UaasRestServiceDelegatorImpl - {"access_token":"a62e9b79-cd59-49a4-a063-d14c32b43beb","refresh_token":"89f16680-b2a2-45f8-90e3-9f80b6efba1e"}
INFO main com.xiben.sso.client.delegate.UaasRestServiceDelegatorImpl - {"privatefield":null,"restime":"2017-10-27 09:28:41","msg":null,"code":1000,"resdata":null}
INFO main com.xiben.sso.client.delegate.UaasRestServiceDelegatorImpl - userInfo:{"authstatus":1,"dispname":"张三1","email":"a@b.c","hadsecuritypass":1,"isshownickname":1,"logon_clientid":"mobile_client","logourl":"logourl","nickname":"张三","phone":"23916929615","securitylevel":1,"sex":1,"superioruserid":2,"truename":"张五常","userid":21,"username":"admin","version":"6"}
INFO main com.xiben.sso.client.delegate.UaasRestServiceDelegatorImpl - userInfo:{"authstatus":1,"dispname":"张三1","email":"a@b.c","hadsecuritypass":1,"isshownickname":1,"logon_clientid":"mobile_client","logourl":"logourl","nickname":"张三","phone":"23916929615","securitylevel":1,"sex":1,"superioruserid":2,"truename":"张五常","userid":21,"username":"admin","version":"6"}
INFO main com.xiben.sso.client.delegate.UaasRestServiceDelegatorImpl - {"privatefield":null,"restime":"2017-10-27 09:28:42","msg":null,"code":1000,"resdata":{"secureunid":"dfee3775-b95b-4de0-b617-212adc3d8f95"}}
INFO main com.xiben.sso.client.delegate.UaasRestServiceDelegatorImpl - com.xiben.sso.client.delegate.response.ServiceResponse@17695df3
INFO main com.xiben.sso.client.delegate.UaasRestServiceDelegatorImpl - {"code":1000,"resdata":{"secureunid":"dfee3775-b95b-4de0-b617-212adc3d8f95"},"restime":"2017-10-27 09:28:42"}
INFO main com.xiben.sso.client.delegate.UaasRestServiceDelegatorImpl - {"privatefield":null,"restime":"2017-10-27 09:28:42","msg":"验证码错误","code":2000,"resdata":null}
INFO main com.xiben.sso.client.delegate.UaasRestServiceDelegatorImpl - com.xiben.sso.client.delegate.response.ServiceResponse@2a40cd94
INFO main com.xiben.sso.client.delegate.UaasRestServiceDelegatorImpl - {"code":2000,"msg":"验证码错误","restime":"2017-10-27 09:28:42"}
INFO main com.xiben.sso.client.delegate.UaasRestServiceDelegatorImpl - {"access_token":"4d8109d2-05b4-4fbb-acdc-9f37d3e08c08","refresh_token":"71c8c042-6daf-460c-8d36-dfb05d41211b"}
INFO main com.xiben.sso.client.delegate.UaasRestServiceDelegatorImpl - {"privatefield":null,"restime":"2017-10-27 09:29:03","msg":null,"code":1000,"resdata":null}
INFO main com.xiben.sso.client.delegate.UaasRestServiceDelegatorImpl - userInfo:{"authstatus":1,"dispname":"张三1","email":"a@b.c","hadsecuritypass":1,"isshownickname":1,"logon_clientid":"mobile_client","logourl":"logourl","nickname":"张三","phone":"23916929615","securitylevel":1,"sex":1,"superioruserid":2,"truename":"张五常","userid":21,"username":"admin","version":"6"}
INFO main com.xiben.sso.client.delegate.UaasRestServiceDelegatorImpl - userInfo:{"authstatus":1,"dispname":"张三1","email":"a@b.c","hadsecuritypass":1,"isshownickname":1,"logon_clientid":"mobile_client","logourl":"logourl","nickname":"张三","phone":"23916929615","securitylevel":1,"sex":1,"superioruserid":2,"truename":"张五常","userid":21,"username":"admin","version":"6"}
INFO main com.xiben.sso.client.delegate.UaasRestServiceDelegatorImpl - {"privatefield":null,"restime":"2017-10-27 09:29:03","msg":null,"code":1000,"resdata":{"secureunid":"b5e1ced7-59c0-431e-9cc9-574fa2dc9d84"}}
INFO main com.xiben.sso.client.delegate.UaasRestServiceDelegatorImpl - com.xiben.sso.client.delegate.response.ServiceResponse@17695df3
INFO main com.xiben.sso.client.delegate.UaasRestServiceDelegatorImpl - {"code":1000,"resdata":{"secureunid":"b5e1ced7-59c0-431e-9cc9-574fa2dc9d84"},"restime":"2017-10-27 09:29:03"}
INFO main com.xiben.sso.client.delegate.UaasRestServiceDelegatorImpl - {"privatefield":null,"restime":"2017-10-27 09:29:03","msg":null,"code":1000,"resdata":null}
INFO main com.xiben.sso.client.delegate.UaasRestServiceDelegatorImpl - {"privatefield":null,"restime":"2017-10-27 09:29:03","msg":null,"code":1000,"resdata":{"userid":21,"username":"admin","nickname":"张三","dispname":"张三1","truename":"张五常","isshownickname":1,"sex":1,"logourl":"logourl","phone":"13916929615","email":"a@b.c","superioruserid":2,"securitylevel":1,"hadsecuritypass":1,"authstatus":1,"version":"6","logon_clientid":"mobile_client"}}
INFO main com.xiben.sso.client.delegate.UaasRestServiceDelegatorImpl - com.xiben.sso.client.delegate.response.ServiceResponse@70a9f84e
INFO main com.xiben.sso.client.delegate.UaasRestServiceDelegatorImpl - {"code":1000,"resdata":{"authstatus":1,"dispname":"张三1","email":"a@b.c","hadsecuritypass":1,"isshownickname":1,"logon_clientid":"mobile_client","logourl":"logourl","nickname":"张三","phone":"13916929615","securitylevel":1,"sex":1,"superioruserid":2,"truename":"张五常","userid":21,"username":"admin","version":"6"},"restime":"2017-10-27 09:29:03"}
INFO main com.xiben.sso.client.delegate.UaasRestServiceDelegatorImpl - {"access_token":"71b5a177-9a15-4d37-b592-d9a0cd5097af","refresh_token":"9948b8fe-3df3-4d8a-8678-24305141a535"}
INFO main com.xiben.sso.client.delegate.UaasRestServiceDelegatorImpl - userInfo:{"authstatus":1,"dispname":"张三1","email":"a@b.c","hadsecuritypass":1,"isshownickname":1,"logon_clientid":"mobile_client","logourl":"logourl","nickname":"张三","phone":"13916929615","securitylevel":1,"sex":1,"superioruserid":2,"truename":"张五常","userid":21,"username":"admin","version":"7"}
INFO main com.xiben.sso.client.delegate.UaasRestServiceDelegatorImpl - userInfo:{"authstatus":1,"dispname":"张三1","email":"a@b.c","hadsecuritypass":1,"isshownickname":1,"logon_clientid":"mobile_client","logourl":"logourl","nickname":"张三","phone":"13916929615","securitylevel":1,"sex":1,"superioruserid":2,"truename":"张五常","userid":21,"username":"admin","version":"7"}
INFO main com.xiben.sso.client.delegate.UaasRestServiceDelegatorImpl - {"privatefield":null,"restime":"2017-10-27 09:34:14","msg":null,"code":1000,"resdata":null}
INFO main com.xiben.sso.client.delegate.UaasRestServiceDelegatorImpl - com.xiben.sso.client.delegate.response.ServiceResponse@1cab0bfb
INFO main com.xiben.sso.client.delegate.UaasRestServiceDelegatorImpl - {"code":1000,"restime":"2017-10-27 09:34:14"}
INFO main com.xiben.sso.client.delegate.UaasRestServiceDelegatorImpl - {"access_token":"ba22c344-b293-4574-9d9f-6e779d8c86e2","refresh_token":"d686f779-b726-400a-a344-a9c9e568ebe1"}
INFO main com.xiben.sso.client.delegate.UaasRestServiceDelegatorImpl - userInfo:{"authstatus":1,"dispname":"张三1","email":"a@b.c","hadsecuritypass":1,"isshownickname":1,"logon_clientid":"mobile_client","logourl":"logourl","nickname":"张三","phone":"13916929615","securitylevel":1,"sex":1,"superioruserid":2,"truename":"张五常","userid":21,"username":"admin","version":"8"}
INFO main com.xiben.sso.client.delegate.UaasRestServiceDelegatorImpl - userInfo:{"authstatus":1,"dispname":"张三1","email":"a@b.c","hadsecuritypass":1,"isshownickname":1,"logon_clientid":"mobile_client","logourl":"logourl","nickname":"张三","phone":"13916929615","securitylevel":1,"sex":1,"superioruserid":2,"truename":"张五常","userid":21,"username":"admin","version":"8"}
INFO main com.xiben.sso.client.delegate.UaasRestServiceDelegatorImpl - {"privatefield":null,"restime":"2017-10-27 09:34:48","msg":null,"code":1000,"resdata":null}
INFO main com.xiben.sso.client.delegate.UaasRestServiceDelegatorImpl - com.xiben.sso.client.delegate.response.ServiceResponse@1cab0bfb
INFO main com.xiben.sso.client.delegate.UaasRestServiceDelegatorImpl - {"code":1000,"restime":"2017-10-27 09:34:48"}
INFO main com.xiben.sso.client.delegate.UaasRestServiceDelegatorImpl - {"access_token":"64238e94-5398-4d51-977c-96c85a3d4b5e","refresh_token":"a725a014-80fb-43ef-99c8-63649d073647"}
INFO main com.xiben.sso.client.delegate.UaasRestServiceDelegatorImpl - userInfo:{"authstatus":1,"dispname":"张三1","email":"a@b.c","hadsecuritypass":1,"isshownickname":1,"logon_clientid":"mobile_client","logourl":"logourl","nickname":"张三","phone":"13916929615","securitylevel":1,"sex":1,"superioruserid":2,"truename":"张五常","userid":21,"username":"admin","version":"9"}
INFO main com.xiben.sso.client.delegate.UaasRestServiceDelegatorImpl - userInfo:{"authstatus":1,"dispname":"张三1","email":"a@b.c","hadsecuritypass":1,"isshownickname":1,"logon_clientid":"mobile_client","logourl":"logourl","nickname":"张三","phone":"13916929615","securitylevel":1,"sex":1,"superioruserid":2,"truename":"张五常","userid":21,"username":"admin","version":"9"}
INFO main com.xiben.sso.client.delegate.UaasRestServiceDelegatorImpl - {"privatefield":null,"restime":"2017-10-27 09:42:10","msg":null,"code":1000,"resdata":{"userid":21,"username":"admin","nickname":"昵称","dispname":"测试","truename":"西本","isshownickname":1,"sex":1,"logourl":"","phone":"13916929615","email":"wby@96369.net","superioruserid":0,"securitylevel":1,"hadsecuritypass":1,"authstatus":1,"version":"9","logon_clientid":"mobile_client"}}
INFO main com.xiben.sso.client.delegate.UaasRestServiceDelegatorImpl - com.xiben.sso.client.delegate.response.ServiceResponse@1cab0bfb
INFO main com.xiben.sso.client.delegate.UaasRestServiceDelegatorImpl - {"code":1000,"resdata":{"authstatus":1,"dispname":"测试","email":"wby@96369.net","hadsecuritypass":1,"isshownickname":1,"logon_clientid":"mobile_client","logourl":"","nickname":"昵称","phone":"13916929615","securitylevel":1,"sex":1,"superioruserid":0,"truename":"西本","userid":21,"username":"admin","version":"9"},"restime":"2017-10-27 09:42:10"}
INFO main com.xiben.sso.client.delegate.UaasRestServiceDelegatorImpl - {"access_token":"767e14d1-51e3-43c2-ba4a-f9ffc577bdab","refresh_token":"d8576221-9ec7-4291-9b92-44e1fffe42bb"}
INFO main com.xiben.sso.client.delegate.UaasRestServiceDelegatorImpl - userInfo:{"authstatus":1,"dispname":"测试","email":"wby@96369.net","hadsecuritypass":1,"isshownickname":1,"logon_clientid":"mobile_client","logourl":"","nickname":"昵称","phone":"13916929615","securitylevel":1,"sex":1,"superioruserid":0,"truename":"西本","userid":21,"username":"admin","version":"10"}
INFO main com.xiben.sso.client.delegate.UaasRestServiceDelegatorImpl - userInfo:{"authstatus":1,"dispname":"测试","email":"wby@96369.net","hadsecuritypass":1,"isshownickname":1,"logon_clientid":"mobile_client","logourl":"","nickname":"昵称","phone":"13916929615","securitylevel":1,"sex":1,"superioruserid":0,"truename":"西本","userid":21,"username":"admin","version":"10"}
INFO main com.xiben.sso.client.delegate.UaasRestServiceDelegatorImpl - {"privatefield":null,"restime":"2017-10-27 09:49:36","msg":null,"code":1000,"resdata":{"userid":21,"username":"admin","nickname":"昵称","dispname":"测试","truename":"西本","isshownickname":1,"sex":1,"logourl":"","phone":"13916929615","email":"wby@96369.net","superioruserid":0,"securitylevel":1,"hadsecuritypass":1,"authstatus":1,"version":"10","logon_clientid":"mobile_client"}}
INFO main com.xiben.sso.client.delegate.UaasRestServiceDelegatorImpl - com.xiben.sso.client.delegate.response.ServiceResponse@5e955596
INFO main com.xiben.sso.client.delegate.UaasRestServiceDelegatorImpl - {"code":1000,"resdata":{"authstatus":1,"dispname":"测试","email":"wby@96369.net","hadsecuritypass":1,"isshownickname":1,"logon_clientid":"mobile_client","logourl":"","nickname":"昵称","phone":"13916929615","securitylevel":1,"sex":1,"superioruserid":0,"truename":"西本","userid":21,"username":"admin","version":"10"},"restime":"2017-10-27 09:49:36"}
INFO main com.xiben.sso.client.delegate.UaasRestServiceDelegatorImpl - {"privatefield":null,"restime":"2017-10-27 09:49:36","msg":null,"code":1000,"resdata":{"userid":21,"username":"admin","nickname":null,"dispname":null,"truename":null,"isshownickname":0,"sex":0,"logourl":null,"phone":"13916929615","email":null,"superioruserid":0,"securitylevel":1,"hadsecuritypass":1,"authstatus":0,"version":"11","logon_clientid":"mobile_client"}}
INFO main com.xiben.sso.client.delegate.UaasRestServiceDelegatorImpl - com.xiben.sso.client.delegate.response.ServiceResponse@76b10754
INFO main com.xiben.sso.client.delegate.UaasRestServiceDelegatorImpl - {"code":1000,"resdata":{},"restime":"2017-10-27 09:49:36"}
INFO main com.xiben.sso.client.delegate.UaasRestServiceDelegatorImpl - {"access_token":"a778380e-ac16-4ca0-a39d-c12e38c7cdb1","refresh_token":"c2c2f9b2-e354-449f-b903-7d3a7875a3f8"}
INFO main com.xiben.sso.client.delegate.UaasRestServiceDelegatorImpl - userInfo:{"authstatus":0,"hadsecuritypass":1,"isshownickname":0,"logon_clientid":"mobile_client","phone":"13916929615","securitylevel":1,"sex":0,"superioruserid":0,"userid":21,"username":"admin","version":"12"}
INFO main com.xiben.sso.client.delegate.UaasRestServiceDelegatorImpl - userInfo:{"authstatus":0,"hadsecuritypass":1,"isshownickname":0,"logon_clientid":"mobile_client","phone":"13916929615","securitylevel":1,"sex":0,"superioruserid":0,"userid":21,"username":"admin","version":"12"}
INFO main com.xiben.sso.client.delegate.UaasRestServiceDelegatorImpl - {"privatefield":null,"restime":"2017-10-27 09:50:31","msg":null,"code":1000,"resdata":{"userid":21,"username":"admin","nickname":"昵称","dispname":"测试","truename":"西本","isshownickname":1,"sex":1,"logourl":"","phone":"13916929615","email":"wby@96369.net","superioruserid":0,"securitylevel":1,"hadsecuritypass":1,"authstatus":1,"version":"12","logon_clientid":"mobile_client"}}
INFO main com.xiben.sso.client.delegate.UaasRestServiceDelegatorImpl - com.xiben.sso.client.delegate.response.ServiceResponse@1cab0bfb
INFO main com.xiben.sso.client.delegate.UaasRestServiceDelegatorImpl - {"code":1000,"resdata":{"authstatus":1,"dispname":"测试","email":"wby@96369.net","hadsecuritypass":1,"isshownickname":1,"logon_clientid":"mobile_client","logourl":"","nickname":"昵称","phone":"13916929615","securitylevel":1,"sex":1,"superioruserid":0,"truename":"西本","userid":21,"username":"admin","version":"12"},"restime":"2017-10-27 09:50:31"}
INFO main com.xiben.sso.client.delegate.UaasRestServiceDelegatorImpl - {"privatefield":null,"restime":"2017-10-27 09:50:31","msg":null,"code":1000,"resdata":{"privileges":[],"privilegeuris":[]}}
INFO main com.xiben.sso.client.delegate.UaasRestServiceDelegatorImpl - com.xiben.sso.client.delegate.response.ServiceResponse@de3a06f
INFO main com.xiben.sso.client.delegate.UaasRestServiceDelegatorImpl - {"code":1000,"resdata":{"privileges":[],"privilegeuris":[]},"restime":"2017-10-27 09:50:31"}
INFO main com.xiben.sso.client.delegate.UaasRestServiceDelegatorImpl - {"access_token":"253e10e5-dbec-457b-9c5a-900920401b1b","refresh_token":"d8713da6-7076-4116-b8c1-0aa9ea8a79a6"}
INFO main com.xiben.sso.client.delegate.UaasRestServiceDelegatorImpl - userInfo:{"authstatus":1,"dispname":"测试","email":"wby@96369.net","hadsecuritypass":1,"isshownickname":1,"logon_clientid":"mobile_client","logourl":"","nickname":"昵称","phone":"13916929615","securitylevel":1,"sex":1,"superioruserid":0,"truename":"西本","userid":21,"username":"admin","version":"13"}
INFO main com.xiben.sso.client.delegate.UaasRestServiceDelegatorImpl - userInfo:{"authstatus":1,"dispname":"测试","email":"wby@96369.net","hadsecuritypass":1,"isshownickname":1,"logon_clientid":"mobile_client","logourl":"","nickname":"昵称","phone":"13916929615","securitylevel":1,"sex":1,"superioruserid":0,"truename":"西本","userid":21,"username":"admin","version":"13"}
INFO main com.xiben.sso.client.delegate.UaasRestServiceDelegatorImpl - {"privatefield":null,"restime":"2017-10-27 10:47:39","msg":null,"code":1000,"resdata":{"userid":21,"username":"admin","nickname":"昵称","dispname":"测试","truename":"西本","isshownickname":1,"sex":1,"logourl":"","phone":"13916929615","email":"wby@96369.net","superioruserid":0,"securitylevel":1,"hadsecuritypass":1,"authstatus":1,"version":"13","logon_clientid":"mobile_client"}}
INFO main com.xiben.sso.client.delegate.UaasRestServiceDelegatorImpl - com.xiben.sso.client.delegate.response.ServiceResponse@1cab0bfb
INFO main com.xiben.sso.client.delegate.UaasRestServiceDelegatorImpl - {"code":1000,"resdata":{"authstatus":1,"dispname":"测试","email":"wby@96369.net","hadsecuritypass":1,"isshownickname":1,"logon_clientid":"mobile_client","logourl":"","nickname":"昵称","phone":"13916929615","securitylevel":1,"sex":1,"superioruserid":0,"truename":"西本","userid":21,"username":"admin","version":"13"},"restime":"2017-10-27 10:47:39"}
INFO main com.xiben.sso.client.delegate.UaasRestServiceDelegatorImpl - {"privatefield":null,"restime":"2017-10-27 10:47:39","msg":null,"code":1000,"resdata":{"privileges":[],"privilegeuris":[]}}
INFO main com.xiben.sso.client.delegate.UaasRestServiceDelegatorImpl - com.xiben.sso.client.delegate.response.ServiceResponse@de3a06f
INFO main com.xiben.sso.client.delegate.UaasRestServiceDelegatorImpl - {"code":1000,"resdata":{"privileges":[],"privilegeuris":[]},"restime":"2017-10-27 10:47:39"}
INFO main com.xiben.sso.client.delegate.UaasRestServiceDelegatorImpl - {"privatefield":null,"restime":"2017-10-27 10:47:39","msg":null,"code":1000,"resdata":null}
INFO main com.xiben.sso.client.delegate.UaasRestServiceDelegatorImpl - {"privatefield":null,"restime":"2017-10-27 10:47:39","msg":null,"code":1000,"resdata":null}
INFO main com.xiben.sso.client.delegate.UaasRestServiceDelegatorImpl - com.xiben.sso.client.delegate.response.ServiceResponse@166fa74d
INFO main com.xiben.sso.client.delegate.UaasRestServiceDelegatorImpl - {"code":1000,"restime":"2017-10-27 10:47:39"}
INFO main com.xiben.sso.client.delegate.UaasRestServiceDelegatorImpl - {"access_token":"89c46d66-89f8-4412-b613-907d92d012a4","refresh_token":"39f4a525-203e-4287-9220-6830ff9fee1d"}
INFO main com.xiben.sso.client.delegate.UaasRestServiceDelegatorImpl - userInfo:{"authstatus":1,"dispname":"测试","email":"wby@96369.net","hadsecuritypass":1,"isshownickname":1,"logon_clientid":"mobile_client","logourl":"","nickname":"昵称","phone":"13916929615","securitylevel":1,"sex":1,"superioruserid":0,"truename":"西本","userid":21,"username":"admin","version":"15"}
INFO main com.xiben.sso.client.delegate.UaasRestServiceDelegatorImpl - userInfo:{"authstatus":1,"dispname":"测试","email":"wby@96369.net","hadsecuritypass":1,"isshownickname":1,"logon_clientid":"mobile_client","logourl":"","nickname":"昵称","phone":"13916929615","securitylevel":1,"sex":1,"superioruserid":0,"truename":"西本","userid":21,"username":"admin","version":"15"}
INFO main com.xiben.sso.client.delegate.UaasRestServiceDelegatorImpl - {"privatefield":null,"restime":"2017-10-27 10:48:03","msg":null,"code":1000,"resdata":{"userid":21,"username":"admin","nickname":"昵称","dispname":"测试","truename":"西本","isshownickname":1,"sex":1,"logourl":"","phone":"13916929615","email":"wby@96369.net","superioruserid":0,"securitylevel":1,"hadsecuritypass":1,"authstatus":1,"version":"15","logon_clientid":"mobile_client"}}
INFO main com.xiben.sso.client.delegate.UaasRestServiceDelegatorImpl - com.xiben.sso.client.delegate.response.ServiceResponse@1cab0bfb
INFO main com.xiben.sso.client.delegate.UaasRestServiceDelegatorImpl - {"code":1000,"resdata":{"authstatus":1,"dispname":"测试","email":"wby@96369.net","hadsecuritypass":1,"isshownickname":1,"logon_clientid":"mobile_client","logourl":"","nickname":"昵称","phone":"13916929615","securitylevel":1,"sex":1,"superioruserid":0,"truename":"西本","userid":21,"username":"admin","version":"15"},"restime":"2017-10-27 10:48:03"}
INFO main com.xiben.sso.client.delegate.UaasRestServiceDelegatorImpl - {"privatefield":null,"restime":"2017-10-27 10:48:03","msg":null,"code":1000,"resdata":{"privileges":[],"privilegeuris":[]}}
INFO main com.xiben.sso.client.delegate.UaasRestServiceDelegatorImpl - com.xiben.sso.client.delegate.response.ServiceResponse@de3a06f
INFO main com.xiben.sso.client.delegate.UaasRestServiceDelegatorImpl - {"code":1000,"resdata":{"privileges":[],"privilegeuris":[]},"restime":"2017-10-27 10:48:03"}
INFO main com.xiben.sso.client.delegate.UaasRestServiceDelegatorImpl - {"privatefield":null,"restime":"2017-10-27 10:48:03","msg":null,"code":1000,"resdata":null}
INFO main com.xiben.sso.client.delegate.UaasRestServiceDelegatorImpl - {"privatefield":null,"restime":"2017-10-27 10:48:03","msg":null,"code":1000,"resdata":null}
INFO main com.xiben.sso.client.delegate.UaasRestServiceDelegatorImpl - com.xiben.sso.client.delegate.response.ServiceResponse@166fa74d
INFO main com.xiben.sso.client.delegate.UaasRestServiceDelegatorImpl - {"code":1000,"restime":"2017-10-27 10:48:03"}
INFO main com.xiben.sso.client.delegate.UaasRestServiceDelegatorImpl - {"access_token":"faac8b34-7d82-437d-82ee-7d57d2fb9daf","refresh_token":"a685b355-3e61-4889-88de-2de044c675c1"}
INFO main com.xiben.sso.client.delegate.UaasRestServiceDelegatorImpl - userInfo:{"authstatus":1,"dispname":"测试","email":"wby@96369.net","hadsecuritypass":1,"isshownickname":1,"logon_clientid":"mobile_client","logourl":"","nickname":"昵称","phone":"13916929615","securitylevel":1,"sex":1,"superioruserid":0,"truename":"西本","userid":21,"username":"admin","version":"17"}
INFO main com.xiben.sso.client.delegate.UaasRestServiceDelegatorImpl - userInfo:{"authstatus":1,"dispname":"测试","email":"wby@96369.net","hadsecuritypass":1,"isshownickname":1,"logon_clientid":"mobile_client","logourl":"","nickname":"昵称","phone":"13916929615","securitylevel":1,"sex":1,"superioruserid":0,"truename":"西本","userid":21,"username":"admin","version":"17"}
INFO main com.xiben.sso.client.delegate.UaasRestServiceDelegatorImpl - {"privatefield":null,"restime":"2017-10-27 11:15:51","msg":null,"code":1000,"resdata":{"userid":21,"username":"admin","nickname":"昵称","dispname":"测试","truename":"西本","isshownickname":1,"sex":1,"logourl":"","phone":"13916929615","email":"wby@96369.net","superioruserid":0,"securitylevel":1,"hadsecuritypass":1,"authstatus":1,"version":"17","logon_clientid":"mobile_client"}}
INFO main com.xiben.sso.client.delegate.UaasRestServiceDelegatorImpl - com.xiben.sso.client.delegate.response.ServiceResponse@1cab0bfb
INFO main com.xiben.sso.client.delegate.UaasRestServiceDelegatorImpl - {"code":1000,"resdata":{"authstatus":1,"dispname":"测试","email":"wby@96369.net","hadsecuritypass":1,"isshownickname":1,"logon_clientid":"mobile_client","logourl":"","nickname":"昵称","phone":"13916929615","securitylevel":1,"sex":1,"superioruserid":0,"truename":"西本","userid":21,"username":"admin","version":"17"},"restime":"2017-10-27 11:15:51"}
INFO main com.xiben.sso.client.delegate.UaasRestServiceDelegatorImpl - {"privatefield":null,"restime":"2017-10-27 11:15:51","msg":null,"code":1000,"resdata":{"privileges":[],"privilegeuris":[]}}
INFO main com.xiben.sso.client.delegate.UaasRestServiceDelegatorImpl - com.xiben.sso.client.delegate.response.ServiceResponse@de3a06f
INFO main com.xiben.sso.client.delegate.UaasRestServiceDelegatorImpl - {"code":1000,"resdata":{"privileges":[],"privilegeuris":[]},"restime":"2017-10-27 11:15:51"}
INFO main com.xiben.sso.client.delegate.UaasRestServiceDelegatorImpl - {"privatefield":null,"restime":"2017-10-27 11:15:51","msg":null,"code":1000,"resdata":null}
INFO main com.xiben.sso.client.delegate.UaasRestServiceDelegatorImpl - {"privatefield":null,"restime":"2017-10-27 11:15:51","msg":null,"code":1000,"resdata":null}
INFO main com.xiben.sso.client.delegate.UaasRestServiceDelegatorImpl - com.xiben.sso.client.delegate.response.ServiceResponse@101df177
INFO main com.xiben.sso.client.delegate.UaasRestServiceDelegatorImpl - {"code":1000,"restime":"2017-10-27 11:15:51"}
INFO main com.xiben.sso.client.delegate.UaasRestServiceDelegatorImpl - {"access_token":"81509cc9-b8ed-4a8e-b604-ea3e280713da","refresh_token":"e66cd83f-8b68-4a5c-9c95-286a977bacfc"}
INFO main com.xiben.sso.client.delegate.UaasRestServiceDelegatorImpl - userInfo:{"authstatus":1,"dispname":"测试","email":"wby@96369.net","hadsecuritypass":1,"isshownickname":1,"logon_clientid":"mobile_client","logourl":"","nickname":"昵称","phone":"13916929615","securitylevel":1,"sex":1,"superioruserid":0,"truename":"西本","userid":21,"username":"admin","version":"19"}
INFO main com.xiben.sso.client.delegate.UaasRestServiceDelegatorImpl - userInfo:{"authstatus":1,"dispname":"测试","email":"wby@96369.net","hadsecuritypass":1,"isshownickname":1,"logon_clientid":"mobile_client","logourl":"","nickname":"昵称","phone":"13916929615","securitylevel":1,"sex":1,"superioruserid":0,"truename":"西本","userid":21,"username":"admin","version":"19"}
INFO main com.xiben.sso.client.delegate.UaasRestServiceDelegatorImpl - {"privatefield":null,"restime":"2017-10-27 11:16:09","msg":null,"code":1000,"resdata":{"userid":21,"username":"admin","nickname":"昵称","dispname":"测试","truename":"西本","isshownickname":1,"sex":1,"logourl":"","phone":"13916929615","email":"wby@96369.net","superioruserid":0,"securitylevel":1,"hadsecuritypass":1,"authstatus":1,"version":"19","logon_clientid":"mobile_client"}}
INFO main com.xiben.sso.client.delegate.UaasRestServiceDelegatorImpl - com.xiben.sso.client.delegate.response.ServiceResponse@5e955596
INFO main com.xiben.sso.client.delegate.UaasRestServiceDelegatorImpl - {"code":1000,"resdata":{"authstatus":1,"dispname":"测试","email":"wby@96369.net","hadsecuritypass":1,"isshownickname":1,"logon_clientid":"mobile_client","logourl":"","nickname":"昵称","phone":"13916929615","securitylevel":1,"sex":1,"superioruserid":0,"truename":"西本","userid":21,"username":"admin","version":"19"},"restime":"2017-10-27 11:16:09"}
INFO main com.xiben.sso.client.delegate.UaasRestServiceDelegatorImpl - {"privatefield":null,"restime":"2017-10-27 11:16:09","msg":null,"code":1000,"resdata":{"privileges":[],"privilegeuris":[]}}
INFO main com.xiben.sso.client.delegate.UaasRestServiceDelegatorImpl - com.xiben.sso.client.delegate.response.ServiceResponse@76b10754
INFO main com.xiben.sso.client.delegate.UaasRestServiceDelegatorImpl - {"code":1000,"resdata":{"privileges":[],"privilegeuris":[]},"restime":"2017-10-27 11:16:09"}
INFO main com.xiben.sso.client.delegate.UaasRestServiceDelegatorImpl - {"privatefield":null,"restime":"2017-10-27 11:16:09","msg":null,"code":1000,"resdata":null}
INFO main com.xiben.sso.client.delegate.UaasRestServiceDelegatorImpl - {"privatefield":null,"restime":"2017-10-27 11:16:09","msg":null,"code":1000,"resdata":null}
INFO main com.xiben.sso.client.delegate.UaasRestServiceDelegatorImpl - com.xiben.sso.client.delegate.response.ServiceResponse@166fa74d
INFO main com.xiben.sso.client.delegate.UaasRestServiceDelegatorImpl - {"code":1000,"restime":"2017-10-27 11:16:09"}
INFO main com.xiben.sso.client.delegate.UaasRestServiceDelegatorImpl - {"access_token":"d7481d9b-627f-4da5-aa56-44b95435a446","refresh_token":"c194b547-3a0f-48da-8f50-8880ee89488a"}
INFO main com.xiben.sso.client.delegate.UaasRestServiceDelegatorImpl - userInfo:{"authstatus":1,"dispname":"测试","email":"wby@96369.net","hadsecuritypass":1,"isshownickname":1,"logon_clientid":"mobile_client","logourl":"","nickname":"昵称","phone":"13916929615","securitylevel":1,"sex":1,"superioruserid":0,"truename":"西本","userid":21,"username":"admin","version":"21"}
INFO main com.xiben.sso.client.delegate.UaasRestServiceDelegatorImpl - userInfo:{"authstatus":1,"dispname":"测试","email":"wby@96369.net","hadsecuritypass":1,"isshownickname":1,"logon_clientid":"mobile_client","logourl":"","nickname":"昵称","phone":"13916929615","securitylevel":1,"sex":1,"superioruserid":0,"truename":"西本","userid":21,"username":"admin","version":"21"}
INFO main com.xiben.sso.client.delegate.UaasRestServiceDelegatorImpl - {"privatefield":null,"restime":"2017-10-27 14:02:08","msg":null,"code":1000,"resdata":{"userid":21,"username":"admin","nickname":"昵称","dispname":"测试","truename":"西本","isshownickname":1,"sex":1,"logourl":"","phone":"13916929615","email":"wby@96369.net","superioruserid":0,"securitylevel":1,"hadsecuritypass":1,"authstatus":1,"version":"21","logon_clientid":"mobile_client"}}
INFO main com.xiben.sso.client.delegate.UaasRestServiceDelegatorImpl - com.xiben.sso.client.delegate.response.ServiceResponse@1cab0bfb
INFO main com.xiben.sso.client.delegate.UaasRestServiceDelegatorImpl - {"code":1000,"resdata":{"authstatus":1,"dispname":"测试","email":"wby@96369.net","hadsecuritypass":1,"isshownickname":1,"logon_clientid":"mobile_client","logourl":"","nickname":"昵称","phone":"13916929615","securitylevel":1,"sex":1,"superioruserid":0,"truename":"西本","userid":21,"username":"admin","version":"21"},"restime":"2017-10-27 14:02:08"}
INFO main com.xiben.sso.client.delegate.UaasRestServiceDelegatorImpl - {"privatefield":null,"restime":"2017-10-27 14:02:09","msg":null,"code":1000,"resdata":{"privileges":[],"privilegeuris":[]}}
INFO main com.xiben.sso.client.delegate.UaasRestServiceDelegatorImpl - com.xiben.sso.client.delegate.response.ServiceResponse@de3a06f
INFO main com.xiben.sso.client.delegate.UaasRestServiceDelegatorImpl - {"code":1000,"resdata":{"privileges":[],"privilegeuris":[]},"restime":"2017-10-27 14:02:09"}
INFO main com.xiben.sso.client.delegate.UaasRestServiceDelegatorImpl - {"privatefield":null,"restime":"2017-10-27 14:02:09","msg":null,"code":1000,"resdata":null}
INFO main com.xiben.sso.client.delegate.UaasRestServiceDelegatorImpl - {"privatefield":null,"restime":"2017-10-27 14:02:09","msg":null,"code":1000,"resdata":null}
INFO main com.xiben.sso.client.delegate.UaasRestServiceDelegatorImpl - com.xiben.sso.client.delegate.response.ServiceResponse@166fa74d
INFO main com.xiben.sso.client.delegate.UaasRestServiceDelegatorImpl - {"code":1000,"restime":"2017-10-27 14:02:09"}
INFO main com.xiben.sso.client.delegate.UaasRestServiceDelegatorImpl - {"privatefield":null,"restime":"2017-10-27 14:02:09","msg":null,"code":1000,"resdata":null}
INFO main com.xiben.sso.client.delegate.UaasRestServiceDelegatorImpl - {"privatefield":null,"restime":"2017-10-27 14:02:09","msg":"验证码有误","code":2000,"resdata":null}
INFO main com.xiben.sso.client.delegate.UaasRestServiceDelegatorImpl - com.xiben.sso.client.delegate.response.ServiceResponse@1ee807c6
INFO main com.xiben.sso.client.delegate.UaasRestServiceDelegatorImpl - {"code":2000,"msg":"验证码有误","restime":"2017-10-27 14:02:09"}
INFO main com.xiben.sso.client.delegate.UaasRestServiceDelegatorImpl - {"privatefield":null,"restime":"2017-10-27 14:02:49","msg":null,"code":1000,"resdata":null}
INFO main com.xiben.sso.client.delegate.UaasRestServiceDelegatorImpl - {"privatefield":null,"restime":"2017-10-27 14:02:50","msg":null,"code":1000,"resdata":{"secureunid":"aef4b54c-32f5-4c16-acc5-395799a88543"}}
INFO main com.xiben.sso.client.delegate.UaasRestServiceDelegatorImpl - com.xiben.sso.client.delegate.response.ServiceResponse@5427c60c
INFO main com.xiben.sso.client.delegate.UaasRestServiceDelegatorImpl - {"code":1000,"resdata":{"secureunid":"aef4b54c-32f5-4c16-acc5-395799a88543"},"restime":"2017-10-27 14:02:50"}
INFO main com.xiben.sso.client.delegate.UaasRestServiceDelegatorImpl - {"privatefield":null,"restime":"2017-10-27 14:02:50","msg":null,"code":2000,"resdata":null}
INFO main com.xiben.sso.client.delegate.UaasRestServiceDelegatorImpl - com.xiben.sso.client.delegate.response.ServiceResponse@1cab0bfb
INFO main com.xiben.sso.client.delegate.UaasRestServiceDelegatorImpl - {"code":2000,"restime":"2017-10-27 14:02:50"}
INFO main com.xiben.sso.client.delegate.UaasRestServiceDelegatorImpl - {"privatefield":null,"restime":"2017-10-27 14:05:40","msg":null,"code":1000,"resdata":null}
INFO main com.xiben.sso.client.delegate.UaasRestServiceDelegatorImpl - {"privatefield":null,"restime":"2017-10-27 14:05:40","msg":null,"code":1000,"resdata":{"secureunid":"6ee485dd-dd33-4993-a40e-5fbab24511a2"}}
INFO main com.xiben.sso.client.delegate.UaasRestServiceDelegatorImpl - com.xiben.sso.client.delegate.response.ServiceResponse@5427c60c
INFO main com.xiben.sso.client.delegate.UaasRestServiceDelegatorImpl - {"code":1000,"resdata":{"secureunid":"6ee485dd-dd33-4993-a40e-5fbab24511a2"},"restime":"2017-10-27 14:05:40"}
INFO main com.xiben.sso.client.delegate.UaasRestServiceDelegatorImpl - {"privatefield":null,"restime":"2017-10-27 14:05:40","msg":null,"code":2000,"resdata":null}
INFO main com.xiben.sso.client.delegate.UaasRestServiceDelegatorImpl - {"code":2000,"restime":"2017-10-27 14:05:40"}
INFO main com.xiben.sso.client.delegate.UaasRestServiceDelegatorImpl - {"privatefield":null,"restime":"2017-10-27 14:07:50","msg":null,"code":1000,"resdata":null}
INFO main com.xiben.sso.client.delegate.UaasRestServiceDelegatorImpl - {"privatefield":null,"restime":"2017-10-27 14:07:50","msg":null,"code":1000,"resdata":{"secureunid":"8c707fbb-d033-4070-b4c8-51a2c5d62f58"}}
INFO main com.xiben.sso.client.delegate.UaasRestServiceDelegatorImpl - com.xiben.sso.client.delegate.response.ServiceResponse@5427c60c
INFO main com.xiben.sso.client.delegate.UaasRestServiceDelegatorImpl - {"code":1000,"resdata":{"secureunid":"8c707fbb-d033-4070-b4c8-51a2c5d62f58"},"restime":"2017-10-27 14:07:50"}
INFO main com.xiben.sso.client.delegate.UaasRestServiceDelegatorImpl - {"privatefield":null,"restime":"2017-10-27 14:07:50","msg":null,"code":2000,"resdata":null}
INFO main com.xiben.sso.client.delegate.UaasRestServiceDelegatorImpl - {"code":2000,"restime":"2017-10-27 14:07:50"}
INFO main com.xiben.sso.client.delegate.UaasRestServiceDelegatorImpl - {"privatefield":null,"restime":"2017-10-27 14:08:57","msg":null,"code":1000,"resdata":null}
INFO main com.xiben.sso.client.delegate.UaasRestServiceDelegatorImpl - {"privatefield":null,"restime":"2017-10-27 14:08:58","msg":null,"code":1000,"resdata":{"secureunid":"02f4677f-bf2c-4876-9913-a9857845686d"}}
INFO main com.xiben.sso.client.delegate.UaasRestServiceDelegatorImpl - com.xiben.sso.client.delegate.response.ServiceResponse@5427c60c
INFO main com.xiben.sso.client.delegate.UaasRestServiceDelegatorImpl - {"code":1000,"resdata":{"secureunid":"02f4677f-bf2c-4876-9913-a9857845686d"},"restime":"2017-10-27 14:08:58"}
INFO main com.xiben.sso.client.delegate.UaasRestServiceDelegatorImpl - {"privatefield":null,"restime":"2017-10-27 14:08:58","msg":null,"code":1000,"resdata":{"userid":21,"username":"admin","nickname":"昵称","dispname":"测试","truename":"西本","isshownickname":1,"sex":1,"logourl":"","phone":"13916929615","email":"wby@96369.net","superioruserid":0,"securitylevel":2,"hadsecuritypass":2,"authstatus":1,"version":"24","logon_clientid":"mobile_client"}}
INFO main com.xiben.sso.client.delegate.UaasRestServiceDelegatorImpl - {"code":1000,"resdata":{"authstatus":1,"dispname":"测试","email":"wby@96369.net","hadsecuritypass":2,"isshownickname":1,"logon_clientid":"mobile_client","logourl":"","nickname":"昵称","phone":"13916929615","securitylevel":2,"sex":1,"superioruserid":0,"truename":"西本","userid":21,"username":"admin","version":"24"},"restime":"2017-10-27 14:08:58"}
INFO main com.xiben.sso.client.delegate.UaasRestServiceDelegatorImpl - {"privatefield":null,"restime":"2017-10-27 17:04:32","msg":null,"code":1000,"resdata":null}
INFO main com.xiben.sso.client.delegate.UaasRestServiceDelegatorImpl - {"privatefield":null,"restime":"2017-10-27 17:04:32","msg":null,"code":1000,"resdata":{"secureunid":"b4cc5100-5ed8-44cc-8c04-50650974258d"}}
INFO main com.xiben.sso.client.delegate.UaasRestServiceDelegatorImpl - com.xiben.sso.client.delegate.response.ServiceResponse@1cab0bfb
INFO main com.xiben.sso.client.delegate.UaasRestServiceDelegatorImpl - {"code":1000,"resdata":{"secureunid":"b4cc5100-5ed8-44cc-8c04-50650974258d"},"restime":"2017-10-27 17:04:32"}
INFO main com.xiben.sso.client.delegate.UaasRestServiceDelegatorImpl - {"privatefield":null,"restime":"2017-10-27 17:04:32","msg":"安全密钥已存在","code":2000,"resdata":null}
INFO main com.xiben.sso.client.delegate.UaasRestServiceDelegatorImpl - {"code":2000,"msg":"安全密钥已存在","restime":"2017-10-27 17:04:32"}
INFO main com.xiben.sso.client.delegate.UaasRestServiceDelegatorImpl - {"privatefield":null,"restime":"2017-10-27 17:05:20","msg":null,"code":1000,"resdata":{"userid":21,"username":"admin","nickname":"昵称","dispname":"测试","truename":"西本","isshownickname":1,"sex":1,"logourl":"","phone":"13916929615","email":"wby@96369.net","superioruserid":0,"securitylevel":2,"hadsecuritypass":2,"authstatus":1,"version":"24","logon_clientid":""}}
INFO main com.xiben.sso.client.delegate.UaasRestServiceDelegatorImpl - {"privatefield":null,"restime":"2017-10-27 17:05:41","msg":null,"code":1000,"resdata":{"userid":0,"username":null,"nickname":null,"dispname":null,"truename":null,"isshownickname":0,"sex":0,"logourl":null,"phone":null,"email":null,"superioruserid":0,"securitylevel":0,"hadsecuritypass":0,"authstatus":0,"version":null,"logon_clientid":""}}
INFO main com.xiben.sso.client.delegate.UaasRestServiceDelegatorImpl - userInfo:{"access_token":"c3f9627b-d6a3-4bfb-b3a8-d2196f8c4375","refresh_token":"6ba2ca18-75f2-43a1-84ee-02c2d9f8f506"}
INFO main com.xiben.sso.client.delegate.UaasRestServiceDelegatorImpl - userInfo:{"authstatus":1,"dispname":"测试","email":"wby@96369.net","hadsecuritypass":2,"isshownickname":1,"logon_clientid":"mobile_client","logourl":"http://ocaicws8w.bkt.clouddn.com/5a00536b240442f0a2dc09dfdb53af24.jpg","nickname":"昵称","phone":"13916929615","securitylevel":2,"sex":1,"superioruserid":0,"truename":"西本","userid":21,"username":"admin","version":32}
INFO main com.xiben.sso.client.delegate.UaasRestServiceDelegatorImpl - userInfo:{"access_token":"d2db44d4-8684-4e27-bd23-17b5ff3646be","refresh_token":"a4085072-28ff-40eb-a0de-dc0250d033a9"}
INFO main com.xiben.sso.client.delegate.UaasRestServiceDelegatorImpl - {"privatefield":null,"restime":"2017-11-08 08:54:12","msg":"签名有误","code":2000,"resdata":null}
INFO main com.xiben.sso.client.delegate.UaasRestServiceDelegatorImpl - {"privatefield":null,"restime":"2017-11-08 09:01:07","msg":"签名有误","code":2000,"resdata":null}
INFO main com.xiben.sso.client.delegate.UaasRestServiceDelegatorImpl - {"privatefield":null,"restime":"2017-11-08 09:01:29","msg":"签名有误","code":2000,"resdata":null}
INFO main com.xiben.sso.client.delegate.UaasRestServiceDelegatorImpl - {"privatefield":null,"restime":"2017-11-08 09:02:20","msg":null,"code":1000,"resdata":{"userid":21,"username":"admin","nickname":"昵称","dispname":"测试","truename":"西本","isshownickname":1,"sex":1,"logourl":"http://ocaicws8w.bkt.clouddn.com/5a00536b240442f0a2dc09dfdb53af24.jpg","phone":"13916929615","email":"wby@96369.net","superioruserid":0,"securitylevel":2,"hadsecuritypass":2,"authstatus":1,"version":"32","logon_clientid":"","privileges":[],"privilegeuris":[]}}
